<?xml version="1.0" encoding="UTF-8"?>
<testsuite name="com.note.hyowon.blog.service.PostServiceTests" tests="1" skipped="0" failures="0" errors="0" timestamp="2022-11-30T14:04:09" hostname="DESKTOP-OPNV5VT" time="0.512">
  <properties/>
  <testcase name="testSelectOne()" classname="com.note.hyowon.blog.service.PostServiceTests" time="0.512"/>
  <system-out><![CDATA[
  .   ____          _            __ _ _
 /\\ / ___'_ __ _ _(_)_ __  __ _ \ \ \ \
( ( )\___ | '_ | '_| | '_ \/ _` | \ \ \ \
 \\/  ___)| |_)| | | | | || (_| |  ) ) ) )
  '  |____| .__|_| |_|_| |_\__, | / / / /
 =========|_|==============|___/=/_/_/_/
 :: Spring Boot ::                (v2.7.5)

[2022-11-30 23:04:00] DEBUG org.jboss.logging(LoggerProviders.java:152) - Logging Provider: org.jboss.logging.Log4j2LoggerProvider
[2022-11-30 23:04:00] INFO org.hibernate.validator.internal.util.Version(Version.java:21) - HV000001: Hibernate Validator 6.2.5.Final
[2022-11-30 23:04:00] DEBUG org.hibernate.validator.internal.xml.config.ValidationXmlParser(ValidationXmlParser.java:120) - Trying to load META-INF/validation.xml for XML based Validator configuration.
[2022-11-30 23:04:00] DEBUG org.hibernate.validator.internal.xml.config.ResourceLoaderHelper(ResourceLoaderHelper.java:60) - Trying to load META-INF/validation.xml via TCCL
[2022-11-30 23:04:00] DEBUG org.hibernate.validator.internal.xml.config.ResourceLoaderHelper(ResourceLoaderHelper.java:66) - Trying to load META-INF/validation.xml via Hibernate Validator's class loader
[2022-11-30 23:04:00] DEBUG org.hibernate.validator.internal.xml.config.ValidationXmlParser(ValidationXmlParser.java:127) - No META-INF/validation.xml found. Using annotation based configuration only.
[2022-11-30 23:04:00] INFO com.note.hyowon.blog.service.PostServiceTests(StartupInfoLogger.java:55) - Starting PostServiceTests using Java 11.0.2 on DESKTOP-OPNV5VT with PID 17144 (started by skgyd in C:\z_workspace\hyowon_note)
[2022-11-30 23:04:00] DEBUG com.note.hyowon.blog.service.PostServiceTests(StartupInfoLogger.java:56) - Running with Spring Boot v2.7.5, Spring v5.3.23
[2022-11-30 23:04:00] INFO com.note.hyowon.blog.service.PostServiceTests(SpringApplication.java:634) - No active profile set, falling back to 1 default profile: "default"
[2022-11-30 23:04:00] DEBUG org.springframework.boot.SpringApplication(SpringApplication.java:667) - Loading source class com.note.hyowon.blog.BlogApplication
[2022-11-30 23:04:00] DEBUG org.hibernate.validator.internal.engine.resolver.TraversableResolvers(TraversableResolvers.java:93) - Found javax.persistence.Persistence on classpath containing 'getPersistenceUtil'. Assuming JPA 2 environment. Trying to instantiate JPA aware TraversableResolver
[2022-11-30 23:04:00] DEBUG org.hibernate.validator.internal.engine.resolver.TraversableResolvers(TraversableResolvers.java:103) - Instantiated JPA aware TraversableResolver of type org.hibernate.validator.internal.engine.resolver.JPATraversableResolver.
[2022-11-30 23:04:00] DEBUG org.hibernate.validator.messageinterpolation.ResourceBundleMessageInterpolator(ResourceBundleMessageInterpolator.java:172) - Loaded expression factory via original TCCL
[2022-11-30 23:04:00] DEBUG org.hibernate.validator.internal.engine.ValidatorFactoryConfigurationHelper(ValidatorFactoryConfigurationHelper.java:345) - HV000252: Using org.hibernate.validator.internal.engine.DefaultPropertyNodeNameProvider as property node name provider.
[2022-11-30 23:04:00] DEBUG org.hibernate.validator.internal.engine.ValidatorFactoryConfigurationHelper(ValidatorFactoryConfigurationHelper.java:420) - HV000234: Using org.hibernate.validator.messageinterpolation.ResourceBundleMessageInterpolator as ValidatorFactory-scoped message interpolator.
[2022-11-30 23:04:00] DEBUG org.hibernate.validator.internal.engine.ValidatorFactoryConfigurationHelper(ValidatorFactoryConfigurationHelper.java:421) - HV000234: Using org.hibernate.validator.internal.engine.resolver.JPATraversableResolver as ValidatorFactory-scoped traversable resolver.
[2022-11-30 23:04:00] DEBUG org.hibernate.validator.internal.engine.ValidatorFactoryConfigurationHelper(ValidatorFactoryConfigurationHelper.java:422) - HV000234: Using org.hibernate.validator.internal.util.ExecutableParameterNameProvider as ValidatorFactory-scoped parameter name provider.
[2022-11-30 23:04:00] DEBUG org.hibernate.validator.internal.engine.ValidatorFactoryConfigurationHelper(ValidatorFactoryConfigurationHelper.java:423) - HV000234: Using org.hibernate.validator.internal.engine.DefaultClockProvider as ValidatorFactory-scoped clock provider.
[2022-11-30 23:04:00] DEBUG org.hibernate.validator.internal.engine.ValidatorFactoryConfigurationHelper(ValidatorFactoryConfigurationHelper.java:424) - HV000234: Using org.hibernate.validator.internal.engine.scripting.DefaultScriptEvaluatorFactory as ValidatorFactory-scoped script evaluator factory.
[2022-11-30 23:04:01] DEBUG org.springframework.web.context.support.GenericWebApplicationContext(AbstractApplicationContext.java:629) - Refreshing org.springframework.web.context.support.GenericWebApplicationContext@4edef76c
[2022-11-30 23:04:01] DEBUG org.springframework.beans.factory.support.DefaultListableBeanFactory(DefaultSingletonBeanRegistry.java:225) - Creating shared instance of singleton bean 'org.springframework.context.annotation.internalConfigurationAnnotationProcessor'
[2022-11-30 23:04:01] DEBUG org.springframework.beans.factory.support.DefaultListableBeanFactory(DefaultSingletonBeanRegistry.java:225) - Creating shared instance of singleton bean 'org.springframework.boot.autoconfigure.internalCachingMetadataReaderFactory'
[2022-11-30 23:04:01] DEBUG org.springframework.context.annotation.ClassPathBeanDefinitionScanner(ClassPathScanningCandidateComponentProvider.java:435) - Identified candidate component class: file [C:\z_workspace\hyowon_note\build\classes\java\main\com\note\hyowon\blog\controller\IndexController.class]
[2022-11-30 23:04:01] DEBUG org.springframework.context.annotation.ClassPathBeanDefinitionScanner(ClassPathScanningCandidateComponentProvider.java:435) - Identified candidate component class: file [C:\z_workspace\hyowon_note\build\classes\java\main\com\note\hyowon\blog\controller\PostController.class]
[2022-11-30 23:04:01] DEBUG org.springframework.context.annotation.ClassPathBeanDefinitionScanner(ClassPathScanningCandidateComponentProvider.java:435) - Identified candidate component class: file [C:\z_workspace\hyowon_note\build\classes\java\main\com\note\hyowon\blog\service\PostServiceImpl.class]
[2022-11-30 23:04:01] INFO org.springframework.data.repository.config.RepositoryConfigurationDelegate(RepositoryConfigurationDelegate.java:132) - Bootstrapping Spring Data JPA repositories in DEFAULT mode.
[2022-11-30 23:04:01] DEBUG org.springframework.beans.factory.support.DefaultListableBeanFactory(DefaultSingletonBeanRegistry.java:225) - Creating shared instance of singleton bean 'org.springframework.boot.autoconfigure.AutoConfigurationPackages'
[2022-11-30 23:04:01] DEBUG org.springframework.boot.autoconfigure.AutoConfigurationPackages(AutoConfigurationPackages.java:196) - @EnableAutoConfiguration was declared on a class in the package 'com.note.hyowon.blog'. Automatic @Repository and @Entity scanning is enabled.
[2022-11-30 23:04:01] DEBUG org.springframework.data.repository.config.RepositoryConfigurationDelegate(RepositoryConfigurationDelegate.java:145) - Scanning for JPA repositories in packages com.note.hyowon.blog.
[2022-11-30 23:04:02] DEBUG org.springframework.data.repository.config.RepositoryComponentProvider(ClassPathScanningCandidateComponentProvider.java:435) - Identified candidate component class: file [C:\z_workspace\hyowon_note\build\classes\java\main\com\note\hyowon\blog\repository\PostRepository.class]
[2022-11-30 23:04:02] DEBUG org.springframework.context.annotation.ClassPathScanningCandidateComponentProvider(ClassPathScanningCandidateComponentProvider.java:435) - Identified candidate component class: file [C:\z_workspace\hyowon_note\build\classes\java\main\com\note\hyowon\blog\dto\CommonDTO$CommonDTOBuilderImpl.class]
[2022-11-30 23:04:02] DEBUG org.springframework.context.annotation.ClassPathScanningCandidateComponentProvider(ClassPathScanningCandidateComponentProvider.java:435) - Identified candidate component class: file [C:\z_workspace\hyowon_note\build\classes\java\main\com\note\hyowon\blog\dto\PostDTO$PostDTOBuilderImpl.class]
[2022-11-30 23:04:02] DEBUG org.springframework.context.annotation.ClassPathScanningCandidateComponentProvider(ClassPathScanningCandidateComponentProvider.java:435) - Identified candidate component class: file [C:\z_workspace\hyowon_note\build\classes\java\main\com\note\hyowon\blog\service\PostServiceImpl.class]
[2022-11-30 23:04:02] INFO org.springframework.data.repository.config.RepositoryConfigurationDelegate(RepositoryConfigurationDelegate.java:201) - Finished Spring Data repository scanning in 61 ms. Found 1 JPA repository interfaces.
[2022-11-30 23:04:02] DEBUG org.springframework.beans.factory.support.DefaultListableBeanFactory(DefaultSingletonBeanRegistry.java:225) - Creating shared instance of singleton bean 'propertySourcesPlaceholderConfigurer'
[2022-11-30 23:04:02] DEBUG org.springframework.beans.factory.support.DefaultListableBeanFactory(DefaultSingletonBeanRegistry.java:225) - Creating shared instance of singleton bean 'org.springframework.boot.test.mock.mockito.MockitoPostProcessor'
[2022-11-30 23:04:02] DEBUG org.springframework.beans.factory.support.DefaultListableBeanFactory(DefaultSingletonBeanRegistry.java:225) - Creating shared instance of singleton bean 'emBeanDefinitionRegistrarPostProcessor'
[2022-11-30 23:04:02] DEBUG org.springframework.beans.factory.support.DefaultListableBeanFactory(DefaultSingletonBeanRegistry.java:225) - Creating shared instance of singleton bean 'org.springframework.boot.sql.init.dependency.DatabaseInitializationDependencyConfigurer$DependsOnDatabaseInitializationPostProcessor'
[2022-11-30 23:04:02] DEBUG org.springframework.beans.factory.support.DefaultListableBeanFactory(DefaultSingletonBeanRegistry.java:225) - Creating shared instance of singleton bean 'org.springframework.context.event.internalEventListenerProcessor'
[2022-11-30 23:04:02] DEBUG org.springframework.beans.factory.support.DefaultListableBeanFactory(DefaultSingletonBeanRegistry.java:225) - Creating shared instance of singleton bean 'org.springframework.data.jpa.domain.support.AuditingBeanFactoryPostProcessor'
[2022-11-30 23:04:02] DEBUG org.springframework.beans.factory.support.DefaultListableBeanFactory(DefaultSingletonBeanRegistry.java:225) - Creating shared instance of singleton bean 'preserveErrorControllerTargetClassPostProcessor'
[2022-11-30 23:04:02] DEBUG org.springframework.beans.factory.support.DefaultListableBeanFactory(DefaultSingletonBeanRegistry.java:225) - Creating shared instance of singleton bean 'org.springframework.context.event.internalEventListenerFactory'
[2022-11-30 23:04:02] DEBUG org.springframework.beans.factory.support.DefaultListableBeanFactory(DefaultSingletonBeanRegistry.java:225) - Creating shared instance of singleton bean 'org.springframework.transaction.config.internalTransactionalEventListenerFactory'
[2022-11-30 23:04:02] DEBUG org.springframework.beans.factory.support.DefaultListableBeanFactory(DefaultSingletonBeanRegistry.java:225) - Creating shared instance of singleton bean 'org.springframework.boot.test.mock.mockito.MockitoPostProcessor$SpyPostProcessor'
[2022-11-30 23:04:02] DEBUG org.springframework.beans.factory.support.DefaultListableBeanFactory(DefaultSingletonBeanRegistry.java:225) - Creating shared instance of singleton bean 'org.springframework.context.annotation.internalAutowiredAnnotationProcessor'
[2022-11-30 23:04:02] DEBUG org.springframework.beans.factory.support.DefaultListableBeanFactory(DefaultSingletonBeanRegistry.java:225) - Creating shared instance of singleton bean 'org.springframework.context.annotation.internalCommonAnnotationProcessor'
[2022-11-30 23:04:02] DEBUG org.springframework.beans.factory.support.DefaultListableBeanFactory(DefaultSingletonBeanRegistry.java:225) - Creating shared instance of singleton bean 'org.springframework.context.annotation.internalPersistenceAnnotationProcessor'
[2022-11-30 23:04:02] DEBUG org.springframework.beans.factory.support.DefaultListableBeanFactory(DefaultSingletonBeanRegistry.java:225) - Creating shared instance of singleton bean 'org.springframework.boot.context.properties.ConfigurationPropertiesBindingPostProcessor'
[2022-11-30 23:04:02] DEBUG org.springframework.beans.factory.support.DefaultListableBeanFactory(DefaultSingletonBeanRegistry.java:225) - Creating shared instance of singleton bean 'org.springframework.boot.context.internalConfigurationPropertiesBinder'
[2022-11-30 23:04:02] DEBUG org.springframework.beans.factory.support.DefaultListableBeanFactory(DefaultSingletonBeanRegistry.java:225) - Creating shared instance of singleton bean 'org.springframework.boot.context.internalConfigurationPropertiesBinderFactory'
[2022-11-30 23:04:02] DEBUG org.springframework.beans.factory.support.DefaultListableBeanFactory(DefaultSingletonBeanRegistry.java:225) - Creating shared instance of singleton bean 'methodValidationPostProcessor'
[2022-11-30 23:04:02] DEBUG org.springframework.beans.factory.support.DefaultListableBeanFactory(ConstructorResolver.java:808) - Autowiring by type from bean name 'methodValidationPostProcessor' via factory method to bean named 'environment'
[2022-11-30 23:04:02] DEBUG org.springframework.beans.factory.support.DefaultListableBeanFactory(DefaultSingletonBeanRegistry.java:225) - Creating shared instance of singleton bean 'org.springframework.boot.context.properties.EnableConfigurationPropertiesRegistrar.methodValidationExcludeFilter'
[2022-11-30 23:04:02] DEBUG org.springframework.beans.factory.support.DefaultListableBeanFactory(DefaultSingletonBeanRegistry.java:225) - Creating shared instance of singleton bean 'org.springframework.aop.config.internalAutoProxyCreator'
[2022-11-30 23:04:02] DEBUG org.springframework.beans.factory.support.DefaultListableBeanFactory(DefaultSingletonBeanRegistry.java:225) - Creating shared instance of singleton bean 'persistenceExceptionTranslationPostProcessor'
[2022-11-30 23:04:02] DEBUG org.springframework.beans.factory.support.DefaultListableBeanFactory(ConstructorResolver.java:808) - Autowiring by type from bean name 'persistenceExceptionTranslationPostProcessor' via factory method to bean named 'environment'
[2022-11-30 23:04:02] DEBUG org.springframework.beans.factory.support.DefaultListableBeanFactory(DefaultSingletonBeanRegistry.java:225) - Creating shared instance of singleton bean 'webServerFactoryCustomizerBeanPostProcessor'
[2022-11-30 23:04:02] DEBUG org.springframework.beans.factory.support.DefaultListableBeanFactory(DefaultSingletonBeanRegistry.java:225) - Creating shared instance of singleton bean 'errorPageRegistrarBeanPostProcessor'
[2022-11-30 23:04:02] DEBUG org.springframework.beans.factory.support.DefaultListableBeanFactory(DefaultSingletonBeanRegistry.java:225) - Creating shared instance of singleton bean 'projectingArgumentResolverBeanPostProcessor'
[2022-11-30 23:04:02] DEBUG org.springframework.beans.factory.support.DefaultListableBeanFactory(DefaultSingletonBeanRegistry.java:225) - Creating shared instance of singleton bean 'org.springframework.transaction.config.internalTransactionAdvisor'
[2022-11-30 23:04:02] DEBUG org.springframework.beans.factory.support.DefaultListableBeanFactory(DefaultSingletonBeanRegistry.java:225) - Creating shared instance of singleton bean 'org.springframework.transaction.annotation.ProxyTransactionManagementConfiguration'
[2022-11-30 23:04:02] DEBUG org.springframework.beans.factory.support.DefaultListableBeanFactory(DefaultSingletonBeanRegistry.java:225) - Creating shared instance of singleton bean 'transactionAttributeSource'
[2022-11-30 23:04:02] DEBUG org.springframework.beans.factory.support.DefaultListableBeanFactory(DefaultSingletonBeanRegistry.java:225) - Creating shared instance of singleton bean 'transactionInterceptor'
[2022-11-30 23:04:02] DEBUG org.springframework.beans.factory.support.DefaultListableBeanFactory(ConstructorResolver.java:808) - Autowiring by type from bean name 'transactionInterceptor' via factory method to bean named 'transactionAttributeSource'
[2022-11-30 23:04:02] DEBUG org.springframework.beans.factory.support.DefaultListableBeanFactory(ConstructorResolver.java:808) - Autowiring by type from bean name 'org.springframework.transaction.config.internalTransactionAdvisor' via factory method to bean named 'transactionAttributeSource'
[2022-11-30 23:04:02] DEBUG org.springframework.beans.factory.support.DefaultListableBeanFactory(ConstructorResolver.java:808) - Autowiring by type from bean name 'org.springframework.transaction.config.internalTransactionAdvisor' via factory method to bean named 'transactionInterceptor'
[2022-11-30 23:04:02] DEBUG org.springframework.ui.context.support.UiApplicationContextUtils(UiApplicationContextUtils.java:85) - Unable to locate ThemeSource with name 'themeSource': using default [org.springframework.ui.context.support.ResourceBundleThemeSource@65844c96]
[2022-11-30 23:04:02] DEBUG org.springframework.beans.factory.support.DefaultListableBeanFactory(DefaultSingletonBeanRegistry.java:225) - Creating shared instance of singleton bean 'dataSourceScriptDatabaseInitializer'
[2022-11-30 23:04:02] DEBUG org.springframework.beans.factory.support.DefaultListableBeanFactory(DefaultSingletonBeanRegistry.java:225) - Creating shared instance of singleton bean 'org.springframework.boot.autoconfigure.sql.init.DataSourceInitializationConfiguration'
[2022-11-30 23:04:02] DEBUG org.springframework.beans.factory.support.DefaultListableBeanFactory(DefaultSingletonBeanRegistry.java:225) - Creating shared instance of singleton bean 'dataSource'
[2022-11-30 23:04:02] DEBUG org.springframework.beans.factory.support.DefaultListableBeanFactory(DefaultSingletonBeanRegistry.java:225) - Creating shared instance of singleton bean 'org.springframework.boot.autoconfigure.jdbc.DataSourceConfiguration$Hikari'
[2022-11-30 23:04:02] DEBUG org.springframework.beans.factory.support.DefaultListableBeanFactory(DefaultSingletonBeanRegistry.java:225) - Creating shared instance of singleton bean 'spring.datasource-org.springframework.boot.autoconfigure.jdbc.DataSourceProperties'
[2022-11-30 23:04:02] DEBUG org.springframework.beans.factory.support.DefaultListableBeanFactory(DefaultSingletonBeanRegistry.java:225) - Creating shared instance of singleton bean 'org.springframework.boot.context.properties.BoundConfigurationProperties'
[2022-11-30 23:04:02] DEBUG org.springframework.beans.factory.support.DefaultListableBeanFactory(ConstructorResolver.java:808) - Autowiring by type from bean name 'dataSource' via factory method to bean named 'spring.datasource-org.springframework.boot.autoconfigure.jdbc.DataSourceProperties'
[2022-11-30 23:04:02] DEBUG com.zaxxer.hikari.HikariConfig(HikariConfig.java:971) - Driver class org.mariadb.jdbc.Driver found in Thread context class loader jdk.internal.loader.ClassLoaders$AppClassLoader@14514713
[2022-11-30 23:04:02] DEBUG org.springframework.beans.factory.support.DefaultListableBeanFactory(DefaultSingletonBeanRegistry.java:225) - Creating shared instance of singleton bean 'spring.sql.init-org.springframework.boot.autoconfigure.sql.init.SqlInitializationProperties'
[2022-11-30 23:04:02] DEBUG org.springframework.beans.factory.support.DefaultListableBeanFactory(ConstructorResolver.java:808) - Autowiring by type from bean name 'dataSourceScriptDatabaseInitializer' via factory method to bean named 'dataSource'
[2022-11-30 23:04:02] DEBUG org.springframework.beans.factory.support.DefaultListableBeanFactory(ConstructorResolver.java:808) - Autowiring by type from bean name 'dataSourceScriptDatabaseInitializer' via factory method to bean named 'spring.sql.init-org.springframework.boot.autoconfigure.sql.init.SqlInitializationProperties'
[2022-11-30 23:04:02] DEBUG org.springframework.beans.factory.support.DefaultListableBeanFactory(DefaultSingletonBeanRegistry.java:225) - Creating shared instance of singleton bean 'org.springframework.context.config.internalBeanConfigurerAspect'
[2022-11-30 23:04:02] DEBUG org.springframework.beans.factory.support.DefaultListableBeanFactory(DefaultSingletonBeanRegistry.java:225) - Creating shared instance of singleton bean 'entityManagerFactory'
[2022-11-30 23:04:02] DEBUG org.springframework.beans.factory.support.DefaultListableBeanFactory(DefaultSingletonBeanRegistry.java:225) - Creating shared instance of singleton bean 'org.springframework.boot.autoconfigure.orm.jpa.HibernateJpaConfiguration'
[2022-11-30 23:04:02] DEBUG org.springframework.beans.factory.support.DefaultListableBeanFactory(DefaultSingletonBeanRegistry.java:225) - Creating shared instance of singleton bean 'spring.jpa-org.springframework.boot.autoconfigure.orm.jpa.JpaProperties'
[2022-11-30 23:04:02] DEBUG org.springframework.beans.factory.support.DefaultListableBeanFactory(DefaultSingletonBeanRegistry.java:225) - Creating shared instance of singleton bean 'spring.jpa.hibernate-org.springframework.boot.autoconfigure.orm.jpa.HibernateProperties'
[2022-11-30 23:04:02] DEBUG org.springframework.beans.factory.support.DefaultListableBeanFactory(ConstructorResolver.java:808) - Autowiring by type from bean name 'org.springframework.boot.autoconfigure.orm.jpa.HibernateJpaConfiguration' via constructor to bean named 'dataSource'
[2022-11-30 23:04:02] DEBUG org.springframework.beans.factory.support.DefaultListableBeanFactory(ConstructorResolver.java:808) - Autowiring by type from bean name 'org.springframework.boot.autoconfigure.orm.jpa.HibernateJpaConfiguration' via constructor to bean named 'spring.jpa-org.springframework.boot.autoconfigure.orm.jpa.JpaProperties'
[2022-11-30 23:04:02] DEBUG org.springframework.beans.factory.support.DefaultListableBeanFactory(ConstructorResolver.java:808) - Autowiring by type from bean name 'org.springframework.boot.autoconfigure.orm.jpa.HibernateJpaConfiguration' via constructor to bean named 'org.springframework.beans.factory.support.DefaultListableBeanFactory@66cd621b'
[2022-11-30 23:04:02] DEBUG org.springframework.beans.factory.support.DefaultListableBeanFactory(ConstructorResolver.java:808) - Autowiring by type from bean name 'org.springframework.boot.autoconfigure.orm.jpa.HibernateJpaConfiguration' via constructor to bean named 'spring.jpa.hibernate-org.springframework.boot.autoconfigure.orm.jpa.HibernateProperties'
[2022-11-30 23:04:02] DEBUG org.springframework.beans.factory.support.DefaultListableBeanFactory(DefaultSingletonBeanRegistry.java:225) - Creating shared instance of singleton bean 'hikariPoolDataSourceMetadataProvider'
[2022-11-30 23:04:02] DEBUG org.springframework.beans.factory.support.DefaultListableBeanFactory(DefaultSingletonBeanRegistry.java:225) - Creating shared instance of singleton bean 'org.springframework.boot.autoconfigure.jdbc.metadata.DataSourcePoolMetadataProvidersConfiguration$HikariPoolDataSourceMetadataProviderConfiguration'
[2022-11-30 23:04:02] DEBUG org.springframework.beans.factory.support.DefaultListableBeanFactory(DefaultSingletonBeanRegistry.java:225) - Creating shared instance of singleton bean 'entityManagerFactoryBuilder'
[2022-11-30 23:04:02] DEBUG org.springframework.beans.factory.support.DefaultListableBeanFactory(DefaultSingletonBeanRegistry.java:225) - Creating shared instance of singleton bean 'jpaVendorAdapter'
[2022-11-30 23:04:02] DEBUG org.springframework.beans.factory.support.DefaultListableBeanFactory(ConstructorResolver.java:808) - Autowiring by type from bean name 'entityManagerFactoryBuilder' via factory method to bean named 'jpaVendorAdapter'
[2022-11-30 23:04:02] DEBUG org.springframework.beans.factory.support.DefaultListableBeanFactory(ConstructorResolver.java:808) - Autowiring by type from bean name 'entityManagerFactory' via factory method to bean named 'entityManagerFactoryBuilder'
[2022-11-30 23:04:03] DEBUG org.springframework.orm.jpa.LocalContainerEntityManagerFactoryBean(LocalContainerEntityManagerFactoryBean.java:361) - Building JPA container EntityManagerFactory for persistence unit 'default'
[2022-11-30 23:04:03] DEBUG org.hibernate.jpa.internal.util.LogHelper(LogHelper.java:102) - PersistenceUnitInfo [
	name: default
	persistence provider classname: null
	classloader: jdk.internal.loader.ClassLoaders$AppClassLoader@14514713
	excludeUnlistedClasses: true
	JTA datasource: null
	Non JTA datasource: HikariDataSource (null)
	Transaction type: RESOURCE_LOCAL
	PU root URL: file:/C:/z_workspace/hyowon_note/build/classes/java/test/
	Shared Cache Mode: UNSPECIFIED
	Validation Mode: AUTO
	Jar files URLs []
	Managed classes names [
		com.note.hyowon.blog.entity.BaseEntity
		com.note.hyowon.blog.entity.PostEntity]
	Mapping files names []
	Properties []
[2022-11-30 23:04:03] DEBUG org.hibernate.integrator.internal.IntegratorServiceImpl(IntegratorServiceImpl.java:46) - Adding Integrator [org.hibernate.cfg.beanvalidation.BeanValidationIntegrator].
[2022-11-30 23:04:03] DEBUG org.hibernate.integrator.internal.IntegratorServiceImpl(IntegratorServiceImpl.java:46) - Adding Integrator [org.hibernate.secure.spi.JaccIntegrator].
[2022-11-30 23:04:03] DEBUG org.hibernate.integrator.internal.IntegratorServiceImpl(IntegratorServiceImpl.java:46) - Adding Integrator [org.hibernate.cache.internal.CollectionCacheInvalidator].
[2022-11-30 23:04:03] INFO org.hibernate.Version(Version.java:44) - HHH000412: Hibernate ORM core version 5.6.12.Final
[2022-11-30 23:04:03] DEBUG org.hibernate.cfg.Environment(Environment.java:199) - HHH000206: hibernate.properties not found
[2022-11-30 23:04:03] DEBUG org.hibernate.service.spi.ServiceBinding(ServiceBinding.java:68) - Overriding existing service binding [org.hibernate.secure.spi.JaccService]
[2022-11-30 23:04:03] DEBUG org.hibernate.cache.internal.RegionFactoryInitiator(RegionFactoryInitiator.java:118) - Cannot default RegionFactory based on registered strategies as `[]` RegionFactory strategies were registered
[2022-11-30 23:04:03] DEBUG org.hibernate.cache.internal.RegionFactoryInitiator(RegionFactoryInitiator.java:49) - Cache region factory : org.hibernate.cache.internal.NoCachingRegionFactory
[2022-11-30 23:04:03] INFO org.hibernate.annotations.common.Version(JavaReflectionManager.java:56) - HCANN000001: Hibernate Commons Annotations {5.1.2.Final}
[2022-11-30 23:04:03] DEBUG org.hibernate.type.BasicTypeRegistry(BasicTypeRegistry.java:157) - Adding type registration boolean -> org.hibernate.type.BooleanType@12a6e8ed
[2022-11-30 23:04:03] DEBUG org.hibernate.type.BasicTypeRegistry(BasicTypeRegistry.java:157) - Adding type registration boolean -> org.hibernate.type.BooleanType@12a6e8ed
[2022-11-30 23:04:03] DEBUG org.hibernate.type.BasicTypeRegistry(BasicTypeRegistry.java:157) - Adding type registration java.lang.Boolean -> org.hibernate.type.BooleanType@12a6e8ed
[2022-11-30 23:04:03] DEBUG org.hibernate.type.BasicTypeRegistry(BasicTypeRegistry.java:157) - Adding type registration numeric_boolean -> org.hibernate.type.NumericBooleanType@45fb2354
[2022-11-30 23:04:03] DEBUG org.hibernate.type.BasicTypeRegistry(BasicTypeRegistry.java:157) - Adding type registration true_false -> org.hibernate.type.TrueFalseType@5f3f57ff
[2022-11-30 23:04:03] DEBUG org.hibernate.type.BasicTypeRegistry(BasicTypeRegistry.java:157) - Adding type registration yes_no -> org.hibernate.type.YesNoType@7a117dc2
[2022-11-30 23:04:03] DEBUG org.hibernate.type.BasicTypeRegistry(BasicTypeRegistry.java:157) - Adding type registration byte -> org.hibernate.type.ByteType@579f3c8e
[2022-11-30 23:04:03] DEBUG org.hibernate.type.BasicTypeRegistry(BasicTypeRegistry.java:157) - Adding type registration byte -> org.hibernate.type.ByteType@579f3c8e
[2022-11-30 23:04:03] DEBUG org.hibernate.type.BasicTypeRegistry(BasicTypeRegistry.java:157) - Adding type registration java.lang.Byte -> org.hibernate.type.ByteType@579f3c8e
[2022-11-30 23:04:03] DEBUG org.hibernate.type.BasicTypeRegistry(BasicTypeRegistry.java:157) - Adding type registration character -> org.hibernate.type.CharacterType@bcfe29c
[2022-11-30 23:04:03] DEBUG org.hibernate.type.BasicTypeRegistry(BasicTypeRegistry.java:157) - Adding type registration char -> org.hibernate.type.CharacterType@bcfe29c
[2022-11-30 23:04:03] DEBUG org.hibernate.type.BasicTypeRegistry(BasicTypeRegistry.java:157) - Adding type registration java.lang.Character -> org.hibernate.type.CharacterType@bcfe29c
[2022-11-30 23:04:03] DEBUG org.hibernate.type.BasicTypeRegistry(BasicTypeRegistry.java:157) - Adding type registration short -> org.hibernate.type.ShortType@7b8b07ae
[2022-11-30 23:04:03] DEBUG org.hibernate.type.BasicTypeRegistry(BasicTypeRegistry.java:157) - Adding type registration short -> org.hibernate.type.ShortType@7b8b07ae
[2022-11-30 23:04:03] DEBUG org.hibernate.type.BasicTypeRegistry(BasicTypeRegistry.java:157) - Adding type registration java.lang.Short -> org.hibernate.type.ShortType@7b8b07ae
[2022-11-30 23:04:03] DEBUG org.hibernate.type.BasicTypeRegistry(BasicTypeRegistry.java:157) - Adding type registration integer -> org.hibernate.type.IntegerType@2ee456c7
[2022-11-30 23:04:03] DEBUG org.hibernate.type.BasicTypeRegistry(BasicTypeRegistry.java:157) - Adding type registration int -> org.hibernate.type.IntegerType@2ee456c7
[2022-11-30 23:04:03] DEBUG org.hibernate.type.BasicTypeRegistry(BasicTypeRegistry.java:157) - Adding type registration java.lang.Integer -> org.hibernate.type.IntegerType@2ee456c7
[2022-11-30 23:04:03] DEBUG org.hibernate.type.BasicTypeRegistry(BasicTypeRegistry.java:157) - Adding type registration long -> org.hibernate.type.LongType@135064ea
[2022-11-30 23:04:03] DEBUG org.hibernate.type.BasicTypeRegistry(BasicTypeRegistry.java:157) - Adding type registration long -> org.hibernate.type.LongType@135064ea
[2022-11-30 23:04:03] DEBUG org.hibernate.type.BasicTypeRegistry(BasicTypeRegistry.java:157) - Adding type registration java.lang.Long -> org.hibernate.type.LongType@135064ea
[2022-11-30 23:04:03] DEBUG org.hibernate.type.BasicTypeRegistry(BasicTypeRegistry.java:157) - Adding type registration float -> org.hibernate.type.FloatType@2bcb1414
[2022-11-30 23:04:03] DEBUG org.hibernate.type.BasicTypeRegistry(BasicTypeRegistry.java:157) - Adding type registration float -> org.hibernate.type.FloatType@2bcb1414
[2022-11-30 23:04:03] DEBUG org.hibernate.type.BasicTypeRegistry(BasicTypeRegistry.java:157) - Adding type registration java.lang.Float -> org.hibernate.type.FloatType@2bcb1414
[2022-11-30 23:04:03] DEBUG org.hibernate.type.BasicTypeRegistry(BasicTypeRegistry.java:157) - Adding type registration double -> org.hibernate.type.DoubleType@a99c42c
[2022-11-30 23:04:03] DEBUG org.hibernate.type.BasicTypeRegistry(BasicTypeRegistry.java:157) - Adding type registration double -> org.hibernate.type.DoubleType@a99c42c
[2022-11-30 23:04:03] DEBUG org.hibernate.type.BasicTypeRegistry(BasicTypeRegistry.java:157) - Adding type registration java.lang.Double -> org.hibernate.type.DoubleType@a99c42c
[2022-11-30 23:04:03] DEBUG org.hibernate.type.BasicTypeRegistry(BasicTypeRegistry.java:157) - Adding type registration big_decimal -> org.hibernate.type.BigDecimalType@5cf2f5d6
[2022-11-30 23:04:03] DEBUG org.hibernate.type.BasicTypeRegistry(BasicTypeRegistry.java:157) - Adding type registration java.math.BigDecimal -> org.hibernate.type.BigDecimalType@5cf2f5d6
[2022-11-30 23:04:03] DEBUG org.hibernate.type.BasicTypeRegistry(BasicTypeRegistry.java:157) - Adding type registration big_integer -> org.hibernate.type.BigIntegerType@2558f65c
[2022-11-30 23:04:03] DEBUG org.hibernate.type.BasicTypeRegistry(BasicTypeRegistry.java:157) - Adding type registration java.math.BigInteger -> org.hibernate.type.BigIntegerType@2558f65c
[2022-11-30 23:04:03] DEBUG org.hibernate.type.BasicTypeRegistry(BasicTypeRegistry.java:157) - Adding type registration string -> org.hibernate.type.StringType@636fccb0
[2022-11-30 23:04:03] DEBUG org.hibernate.type.BasicTypeRegistry(BasicTypeRegistry.java:157) - Adding type registration java.lang.String -> org.hibernate.type.StringType@636fccb0
[2022-11-30 23:04:03] DEBUG org.hibernate.type.BasicTypeRegistry(BasicTypeRegistry.java:157) - Adding type registration nstring -> org.hibernate.type.StringNVarcharType@66a472b9
[2022-11-30 23:04:03] DEBUG org.hibernate.type.BasicTypeRegistry(BasicTypeRegistry.java:157) - Adding type registration ncharacter -> org.hibernate.type.CharacterNCharType@7aa15a80
[2022-11-30 23:04:03] DEBUG org.hibernate.type.BasicTypeRegistry(BasicTypeRegistry.java:157) - Adding type registration url -> org.hibernate.type.UrlType@48d5ca17
[2022-11-30 23:04:03] DEBUG org.hibernate.type.BasicTypeRegistry(BasicTypeRegistry.java:157) - Adding type registration java.net.URL -> org.hibernate.type.UrlType@48d5ca17
[2022-11-30 23:04:03] DEBUG org.hibernate.type.BasicTypeRegistry(BasicTypeRegistry.java:157) - Adding type registration Duration -> org.hibernate.type.DurationType@79b8ecb
[2022-11-30 23:04:03] DEBUG org.hibernate.type.BasicTypeRegistry(BasicTypeRegistry.java:157) - Adding type registration java.time.Duration -> org.hibernate.type.DurationType@79b8ecb
[2022-11-30 23:04:03] DEBUG org.hibernate.type.BasicTypeRegistry(BasicTypeRegistry.java:157) - Adding type registration Instant -> org.hibernate.type.InstantType@42d174ad
[2022-11-30 23:04:03] DEBUG org.hibernate.type.BasicTypeRegistry(BasicTypeRegistry.java:157) - Adding type registration java.time.Instant -> org.hibernate.type.InstantType@42d174ad
[2022-11-30 23:04:03] DEBUG org.hibernate.type.BasicTypeRegistry(BasicTypeRegistry.java:157) - Adding type registration LocalDateTime -> org.hibernate.type.LocalDateTimeType@60194904
[2022-11-30 23:04:03] DEBUG org.hibernate.type.BasicTypeRegistry(BasicTypeRegistry.java:157) - Adding type registration java.time.LocalDateTime -> org.hibernate.type.LocalDateTimeType@60194904
[2022-11-30 23:04:03] DEBUG org.hibernate.type.BasicTypeRegistry(BasicTypeRegistry.java:157) - Adding type registration LocalDate -> org.hibernate.type.LocalDateType@732d078d
[2022-11-30 23:04:03] DEBUG org.hibernate.type.BasicTypeRegistry(BasicTypeRegistry.java:157) - Adding type registration java.time.LocalDate -> org.hibernate.type.LocalDateType@732d078d
[2022-11-30 23:04:03] DEBUG org.hibernate.type.BasicTypeRegistry(BasicTypeRegistry.java:157) - Adding type registration LocalTime -> org.hibernate.type.LocalTimeType@3cb04dd
[2022-11-30 23:04:03] DEBUG org.hibernate.type.BasicTypeRegistry(BasicTypeRegistry.java:157) - Adding type registration java.time.LocalTime -> org.hibernate.type.LocalTimeType@3cb04dd
[2022-11-30 23:04:03] DEBUG org.hibernate.type.BasicTypeRegistry(BasicTypeRegistry.java:157) - Adding type registration OffsetDateTime -> org.hibernate.type.OffsetDateTimeType@df9d400
[2022-11-30 23:04:03] DEBUG org.hibernate.type.BasicTypeRegistry(BasicTypeRegistry.java:157) - Adding type registration java.time.OffsetDateTime -> org.hibernate.type.OffsetDateTimeType@df9d400
[2022-11-30 23:04:03] DEBUG org.hibernate.type.BasicTypeRegistry(BasicTypeRegistry.java:157) - Adding type registration OffsetTime -> org.hibernate.type.OffsetTimeType@61b8c9de
[2022-11-30 23:04:03] DEBUG org.hibernate.type.BasicTypeRegistry(BasicTypeRegistry.java:157) - Adding type registration java.time.OffsetTime -> org.hibernate.type.OffsetTimeType@61b8c9de
[2022-11-30 23:04:03] DEBUG org.hibernate.type.BasicTypeRegistry(BasicTypeRegistry.java:157) - Adding type registration ZonedDateTime -> org.hibernate.type.ZonedDateTimeType@75b363c3
[2022-11-30 23:04:03] DEBUG org.hibernate.type.BasicTypeRegistry(BasicTypeRegistry.java:157) - Adding type registration java.time.ZonedDateTime -> org.hibernate.type.ZonedDateTimeType@75b363c3
[2022-11-30 23:04:03] DEBUG org.hibernate.type.BasicTypeRegistry(BasicTypeRegistry.java:157) - Adding type registration date -> org.hibernate.type.DateType@68d8ae27
[2022-11-30 23:04:03] DEBUG org.hibernate.type.BasicTypeRegistry(BasicTypeRegistry.java:157) - Adding type registration java.sql.Date -> org.hibernate.type.DateType@68d8ae27
[2022-11-30 23:04:03] DEBUG org.hibernate.type.BasicTypeRegistry(BasicTypeRegistry.java:157) - Adding type registration time -> org.hibernate.type.TimeType@7fc1fd31
[2022-11-30 23:04:03] DEBUG org.hibernate.type.BasicTypeRegistry(BasicTypeRegistry.java:157) - Adding type registration java.sql.Time -> org.hibernate.type.TimeType@7fc1fd31
[2022-11-30 23:04:03] DEBUG org.hibernate.type.BasicTypeRegistry(BasicTypeRegistry.java:157) - Adding type registration timestamp -> org.hibernate.type.TimestampType@7df3da0b
[2022-11-30 23:04:03] DEBUG org.hibernate.type.BasicTypeRegistry(BasicTypeRegistry.java:157) - Adding type registration java.sql.Timestamp -> org.hibernate.type.TimestampType@7df3da0b
[2022-11-30 23:04:03] DEBUG org.hibernate.type.BasicTypeRegistry(BasicTypeRegistry.java:157) - Adding type registration java.util.Date -> org.hibernate.type.TimestampType@7df3da0b
[2022-11-30 23:04:03] DEBUG org.hibernate.type.BasicTypeRegistry(BasicTypeRegistry.java:157) - Adding type registration dbtimestamp -> org.hibernate.type.DbTimestampType@402f61f5
[2022-11-30 23:04:03] DEBUG org.hibernate.type.BasicTypeRegistry(BasicTypeRegistry.java:157) - Adding type registration calendar -> org.hibernate.type.CalendarType@19ac93d2
[2022-11-30 23:04:03] DEBUG org.hibernate.type.BasicTypeRegistry(BasicTypeRegistry.java:157) - Adding type registration java.util.Calendar -> org.hibernate.type.CalendarType@19ac93d2
[2022-11-30 23:04:03] DEBUG org.hibernate.type.BasicTypeRegistry(BasicTypeRegistry.java:157) - Adding type registration java.util.GregorianCalendar -> org.hibernate.type.CalendarType@19ac93d2
[2022-11-30 23:04:03] DEBUG org.hibernate.type.BasicTypeRegistry(BasicTypeRegistry.java:157) - Adding type registration calendar_date -> org.hibernate.type.CalendarDateType@8549c5f
[2022-11-30 23:04:03] DEBUG org.hibernate.type.BasicTypeRegistry(BasicTypeRegistry.java:157) - Adding type registration calendar_time -> org.hibernate.type.CalendarTimeType@2be50bba
[2022-11-30 23:04:03] DEBUG org.hibernate.type.BasicTypeRegistry(BasicTypeRegistry.java:157) - Adding type registration locale -> org.hibernate.type.LocaleType@2ec0ca83
[2022-11-30 23:04:03] DEBUG org.hibernate.type.BasicTypeRegistry(BasicTypeRegistry.java:157) - Adding type registration java.util.Locale -> org.hibernate.type.LocaleType@2ec0ca83
[2022-11-30 23:04:03] DEBUG org.hibernate.type.BasicTypeRegistry(BasicTypeRegistry.java:157) - Adding type registration currency -> org.hibernate.type.CurrencyType@216328b2
[2022-11-30 23:04:03] DEBUG org.hibernate.type.BasicTypeRegistry(BasicTypeRegistry.java:157) - Adding type registration java.util.Currency -> org.hibernate.type.CurrencyType@216328b2
[2022-11-30 23:04:03] DEBUG org.hibernate.type.BasicTypeRegistry(BasicTypeRegistry.java:157) - Adding type registration timezone -> org.hibernate.type.TimeZoneType@9147ba2
[2022-11-30 23:04:03] DEBUG org.hibernate.type.BasicTypeRegistry(BasicTypeRegistry.java:157) - Adding type registration java.util.TimeZone -> org.hibernate.type.TimeZoneType@9147ba2
[2022-11-30 23:04:03] DEBUG org.hibernate.type.BasicTypeRegistry(BasicTypeRegistry.java:157) - Adding type registration class -> org.hibernate.type.ClassType@78b9155e
[2022-11-30 23:04:03] DEBUG org.hibernate.type.BasicTypeRegistry(BasicTypeRegistry.java:157) - Adding type registration java.lang.Class -> org.hibernate.type.ClassType@78b9155e
[2022-11-30 23:04:03] DEBUG org.hibernate.type.BasicTypeRegistry(BasicTypeRegistry.java:157) - Adding type registration uuid-binary -> org.hibernate.type.UUIDBinaryType@2a16d4dc
[2022-11-30 23:04:03] DEBUG org.hibernate.type.BasicTypeRegistry(BasicTypeRegistry.java:157) - Adding type registration java.util.UUID -> org.hibernate.type.UUIDBinaryType@2a16d4dc
[2022-11-30 23:04:03] DEBUG org.hibernate.type.BasicTypeRegistry(BasicTypeRegistry.java:157) - Adding type registration uuid-char -> org.hibernate.type.UUIDCharType@5341641d
[2022-11-30 23:04:03] DEBUG org.hibernate.type.BasicTypeRegistry(BasicTypeRegistry.java:157) - Adding type registration binary -> org.hibernate.type.BinaryType@431babe6
[2022-11-30 23:04:03] DEBUG org.hibernate.type.BasicTypeRegistry(BasicTypeRegistry.java:157) - Adding type registration byte[] -> org.hibernate.type.BinaryType@431babe6
[2022-11-30 23:04:03] DEBUG org.hibernate.type.BasicTypeRegistry(BasicTypeRegistry.java:157) - Adding type registration [B -> org.hibernate.type.BinaryType@431babe6
[2022-11-30 23:04:03] DEBUG org.hibernate.type.BasicTypeRegistry(BasicTypeRegistry.java:157) - Adding type registration wrapper-binary -> org.hibernate.type.WrapperBinaryType@70c31b17
[2022-11-30 23:04:03] DEBUG org.hibernate.type.BasicTypeRegistry(BasicTypeRegistry.java:157) - Adding type registration Byte[] -> org.hibernate.type.WrapperBinaryType@70c31b17
[2022-11-30 23:04:03] DEBUG org.hibernate.type.BasicTypeRegistry(BasicTypeRegistry.java:157) - Adding type registration [Ljava.lang.Byte; -> org.hibernate.type.WrapperBinaryType@70c31b17
[2022-11-30 23:04:03] DEBUG org.hibernate.type.BasicTypeRegistry(BasicTypeRegistry.java:157) - Adding type registration row_version -> org.hibernate.type.RowVersionType@4c2bea52
[2022-11-30 23:04:03] DEBUG org.hibernate.type.BasicTypeRegistry(BasicTypeRegistry.java:157) - Adding type registration image -> org.hibernate.type.ImageType@430d3021
[2022-11-30 23:04:03] DEBUG org.hibernate.type.BasicTypeRegistry(BasicTypeRegistry.java:157) - Adding type registration characters -> org.hibernate.type.CharArrayType@54941dfd
[2022-11-30 23:04:03] DEBUG org.hibernate.type.BasicTypeRegistry(BasicTypeRegistry.java:157) - Adding type registration char[] -> org.hibernate.type.CharArrayType@54941dfd
[2022-11-30 23:04:03] DEBUG org.hibernate.type.BasicTypeRegistry(BasicTypeRegistry.java:157) - Adding type registration [C -> org.hibernate.type.CharArrayType@54941dfd
[2022-11-30 23:04:03] DEBUG org.hibernate.type.BasicTypeRegistry(BasicTypeRegistry.java:157) - Adding type registration wrapper-characters -> org.hibernate.type.CharacterArrayType@3cead673
[2022-11-30 23:04:03] DEBUG org.hibernate.type.BasicTypeRegistry(BasicTypeRegistry.java:157) - Adding type registration [Ljava.lang.Character; -> org.hibernate.type.CharacterArrayType@3cead673
[2022-11-30 23:04:03] DEBUG org.hibernate.type.BasicTypeRegistry(BasicTypeRegistry.java:157) - Adding type registration Character[] -> org.hibernate.type.CharacterArrayType@3cead673
[2022-11-30 23:04:03] DEBUG org.hibernate.type.BasicTypeRegistry(BasicTypeRegistry.java:157) - Adding type registration text -> org.hibernate.type.TextType@4345fd45
[2022-11-30 23:04:03] DEBUG org.hibernate.type.BasicTypeRegistry(BasicTypeRegistry.java:157) - Adding type registration ntext -> org.hibernate.type.NTextType@62883f8a
[2022-11-30 23:04:03] DEBUG org.hibernate.type.BasicTypeRegistry(BasicTypeRegistry.java:157) - Adding type registration blob -> org.hibernate.type.BlobType@516c20de
[2022-11-30 23:04:03] DEBUG org.hibernate.type.BasicTypeRegistry(BasicTypeRegistry.java:157) - Adding type registration java.sql.Blob -> org.hibernate.type.BlobType@516c20de
[2022-11-30 23:04:03] DEBUG org.hibernate.type.BasicTypeRegistry(BasicTypeRegistry.java:157) - Adding type registration materialized_blob -> org.hibernate.type.MaterializedBlobType@3e01796a
[2022-11-30 23:04:03] DEBUG org.hibernate.type.BasicTypeRegistry(BasicTypeRegistry.java:157) - Adding type registration clob -> org.hibernate.type.ClobType@2faf6e4a
[2022-11-30 23:04:03] DEBUG org.hibernate.type.BasicTypeRegistry(BasicTypeRegistry.java:157) - Adding type registration java.sql.Clob -> org.hibernate.type.ClobType@2faf6e4a
[2022-11-30 23:04:03] DEBUG org.hibernate.type.BasicTypeRegistry(BasicTypeRegistry.java:157) - Adding type registration nclob -> org.hibernate.type.NClobType@336d28a1
[2022-11-30 23:04:03] DEBUG org.hibernate.type.BasicTypeRegistry(BasicTypeRegistry.java:157) - Adding type registration java.sql.NClob -> org.hibernate.type.NClobType@336d28a1
[2022-11-30 23:04:03] DEBUG org.hibernate.type.BasicTypeRegistry(BasicTypeRegistry.java:157) - Adding type registration materialized_clob -> org.hibernate.type.MaterializedClobType@62158991
[2022-11-30 23:04:03] DEBUG org.hibernate.type.BasicTypeRegistry(BasicTypeRegistry.java:157) - Adding type registration materialized_nclob -> org.hibernate.type.MaterializedNClobType@5891b7c5
[2022-11-30 23:04:03] DEBUG org.hibernate.type.BasicTypeRegistry(BasicTypeRegistry.java:157) - Adding type registration serializable -> org.hibernate.type.SerializableType@d13379e
[2022-11-30 23:04:03] DEBUG org.hibernate.type.BasicTypeRegistry(BasicTypeRegistry.java:157) - Adding type registration object -> org.hibernate.type.ObjectType@718f3088
[2022-11-30 23:04:03] DEBUG org.hibernate.type.BasicTypeRegistry(BasicTypeRegistry.java:157) - Adding type registration java.lang.Object -> org.hibernate.type.ObjectType@718f3088
[2022-11-30 23:04:03] DEBUG org.hibernate.type.BasicTypeRegistry(BasicTypeRegistry.java:157) - Adding type registration imm_date -> org.hibernate.type.AdaptedImmutableType@2152fde5
[2022-11-30 23:04:03] DEBUG org.hibernate.type.BasicTypeRegistry(BasicTypeRegistry.java:157) - Adding type registration imm_time -> org.hibernate.type.AdaptedImmutableType@5d58dc61
[2022-11-30 23:04:03] DEBUG org.hibernate.type.BasicTypeRegistry(BasicTypeRegistry.java:157) - Adding type registration imm_timestamp -> org.hibernate.type.AdaptedImmutableType@32328dc4
[2022-11-30 23:04:03] DEBUG org.hibernate.type.BasicTypeRegistry(BasicTypeRegistry.java:157) - Adding type registration imm_dbtimestamp -> org.hibernate.type.AdaptedImmutableType@17df689e
[2022-11-30 23:04:03] DEBUG org.hibernate.type.BasicTypeRegistry(BasicTypeRegistry.java:157) - Adding type registration imm_calendar -> org.hibernate.type.AdaptedImmutableType@21540255
[2022-11-30 23:04:03] DEBUG org.hibernate.type.BasicTypeRegistry(BasicTypeRegistry.java:157) - Adding type registration imm_calendar_date -> org.hibernate.type.AdaptedImmutableType@3a7469ca
[2022-11-30 23:04:03] DEBUG org.hibernate.type.BasicTypeRegistry(BasicTypeRegistry.java:157) - Adding type registration imm_binary -> org.hibernate.type.AdaptedImmutableType@1c8e8fed
[2022-11-30 23:04:03] DEBUG org.hibernate.type.BasicTypeRegistry(BasicTypeRegistry.java:157) - Adding type registration imm_serializable -> org.hibernate.type.AdaptedImmutableType@70f98f7a
[2022-11-30 23:04:03] DEBUG org.hibernate.boot.internal.BootstrapContextImpl(BootstrapContextImpl.java:259) - Injecting JPA temp ClassLoader [org.springframework.instrument.classloading.SimpleThrowawayClassLoader@39b85a73] into BootstrapContext; was [null]
[2022-11-30 23:04:03] DEBUG org.hibernate.boot.internal.ClassLoaderAccessImpl(ClassLoaderAccessImpl.java:45) - ClassLoaderAccessImpl#injectTempClassLoader(org.springframework.instrument.classloading.SimpleThrowawayClassLoader@39b85a73) [was null]
[2022-11-30 23:04:03] DEBUG org.hibernate.boot.internal.BootstrapContextImpl(BootstrapContextImpl.java:269) - Injecting ScanEnvironment [org.hibernate.jpa.boot.internal.StandardJpaScanEnvironmentImpl@71468613] into BootstrapContext; was [null]
[2022-11-30 23:04:03] DEBUG org.hibernate.boot.internal.BootstrapContextImpl(BootstrapContextImpl.java:264) - Injecting ScanOptions [org.hibernate.boot.archive.scan.internal.StandardScanOptions@13f4048e] into BootstrapContext; was [org.hibernate.boot.archive.scan.internal.StandardScanOptions@5477d90e]
[2022-11-30 23:04:03] DEBUG org.hibernate.boot.internal.BootstrapContextImpl(BootstrapContextImpl.java:259) - Injecting JPA temp ClassLoader [null] into BootstrapContext; was [org.springframework.instrument.classloading.SimpleThrowawayClassLoader@39b85a73]
[2022-11-30 23:04:03] DEBUG org.hibernate.boot.internal.ClassLoaderAccessImpl(ClassLoaderAccessImpl.java:45) - ClassLoaderAccessImpl#injectTempClassLoader(null) [was org.springframework.instrument.classloading.SimpleThrowawayClassLoader@39b85a73]
[2022-11-30 23:04:03] DEBUG org.hibernate.id.factory.internal.DefaultIdentifierGeneratorFactory(DefaultIdentifierGeneratorFactory.java:98) - Registering IdentifierGenerator strategy [uuid2] -> [org.hibernate.id.UUIDGenerator]
[2022-11-30 23:04:03] DEBUG org.hibernate.id.factory.internal.DefaultIdentifierGeneratorFactory(DefaultIdentifierGeneratorFactory.java:98) - Registering IdentifierGenerator strategy [guid] -> [org.hibernate.id.GUIDGenerator]
[2022-11-30 23:04:03] DEBUG org.hibernate.id.factory.internal.DefaultIdentifierGeneratorFactory(DefaultIdentifierGeneratorFactory.java:98) - Registering IdentifierGenerator strategy [uuid] -> [org.hibernate.id.UUIDHexGenerator]
[2022-11-30 23:04:03] DEBUG org.hibernate.id.factory.internal.DefaultIdentifierGeneratorFactory(DefaultIdentifierGeneratorFactory.java:98) - Registering IdentifierGenerator strategy [uuid.hex] -> [org.hibernate.id.UUIDHexGenerator]
[2022-11-30 23:04:03] DEBUG org.hibernate.id.factory.internal.DefaultIdentifierGeneratorFactory(DefaultIdentifierGeneratorFactory.java:98) - Registering IdentifierGenerator strategy [assigned] -> [org.hibernate.id.Assigned]
[2022-11-30 23:04:03] DEBUG org.hibernate.id.factory.internal.DefaultIdentifierGeneratorFactory(DefaultIdentifierGeneratorFactory.java:98) - Registering IdentifierGenerator strategy [identity] -> [org.hibernate.id.IdentityGenerator]
[2022-11-30 23:04:03] DEBUG org.hibernate.id.factory.internal.DefaultIdentifierGeneratorFactory(DefaultIdentifierGeneratorFactory.java:98) - Registering IdentifierGenerator strategy [select] -> [org.hibernate.id.SelectGenerator]
[2022-11-30 23:04:03] DEBUG org.hibernate.id.factory.internal.DefaultIdentifierGeneratorFactory(DefaultIdentifierGeneratorFactory.java:98) - Registering IdentifierGenerator strategy [sequence] -> [org.hibernate.id.enhanced.SequenceStyleGenerator]
[2022-11-30 23:04:03] DEBUG org.hibernate.id.factory.internal.DefaultIdentifierGeneratorFactory(DefaultIdentifierGeneratorFactory.java:98) - Registering IdentifierGenerator strategy [seqhilo] -> [org.hibernate.id.SequenceHiLoGenerator]
[2022-11-30 23:04:03] DEBUG org.hibernate.id.factory.internal.DefaultIdentifierGeneratorFactory(DefaultIdentifierGeneratorFactory.java:98) - Registering IdentifierGenerator strategy [increment] -> [org.hibernate.id.IncrementGenerator]
[2022-11-30 23:04:03] DEBUG org.hibernate.id.factory.internal.DefaultIdentifierGeneratorFactory(DefaultIdentifierGeneratorFactory.java:98) - Registering IdentifierGenerator strategy [foreign] -> [org.hibernate.id.ForeignGenerator]
[2022-11-30 23:04:03] DEBUG org.hibernate.id.factory.internal.DefaultIdentifierGeneratorFactory(DefaultIdentifierGeneratorFactory.java:98) - Registering IdentifierGenerator strategy [sequence-identity] -> [org.hibernate.id.SequenceIdentityGenerator]
[2022-11-30 23:04:03] DEBUG org.hibernate.id.factory.internal.DefaultIdentifierGeneratorFactory(DefaultIdentifierGeneratorFactory.java:98) - Registering IdentifierGenerator strategy [enhanced-sequence] -> [org.hibernate.id.enhanced.SequenceStyleGenerator]
[2022-11-30 23:04:03] DEBUG org.hibernate.id.factory.internal.DefaultIdentifierGeneratorFactory(DefaultIdentifierGeneratorFactory.java:98) - Registering IdentifierGenerator strategy [enhanced-table] -> [org.hibernate.id.enhanced.TableGenerator]
[2022-11-30 23:04:03] DEBUG com.zaxxer.hikari.HikariConfig(HikariConfig.java:1103) - HikariPool-1 - configuration:
[2022-11-30 23:04:03] DEBUG com.zaxxer.hikari.HikariConfig(HikariConfig.java:1135) - allowPoolSuspension................................false
[2022-11-30 23:04:03] DEBUG com.zaxxer.hikari.HikariConfig(HikariConfig.java:1135) - autoCommit................................true
[2022-11-30 23:04:03] DEBUG com.zaxxer.hikari.HikariConfig(HikariConfig.java:1135) - catalog................................none
[2022-11-30 23:04:03] DEBUG com.zaxxer.hikari.HikariConfig(HikariConfig.java:1135) - connectionInitSql................................none
[2022-11-30 23:04:03] DEBUG com.zaxxer.hikari.HikariConfig(HikariConfig.java:1135) - connectionTestQuery................................none
[2022-11-30 23:04:03] DEBUG com.zaxxer.hikari.HikariConfig(HikariConfig.java:1135) - connectionTimeout................................30000
[2022-11-30 23:04:03] DEBUG com.zaxxer.hikari.HikariConfig(HikariConfig.java:1135) - dataSource................................none
[2022-11-30 23:04:03] DEBUG com.zaxxer.hikari.HikariConfig(HikariConfig.java:1135) - dataSourceClassName................................none
[2022-11-30 23:04:03] DEBUG com.zaxxer.hikari.HikariConfig(HikariConfig.java:1135) - dataSourceJNDI................................none
[2022-11-30 23:04:03] DEBUG com.zaxxer.hikari.HikariConfig(HikariConfig.java:1135) - dataSourceProperties................................{password=<masked>}
[2022-11-30 23:04:03] DEBUG com.zaxxer.hikari.HikariConfig(HikariConfig.java:1135) - driverClassName................................"org.mariadb.jdbc.Driver"
[2022-11-30 23:04:03] DEBUG com.zaxxer.hikari.HikariConfig(HikariConfig.java:1135) - exceptionOverrideClassName................................none
[2022-11-30 23:04:03] DEBUG com.zaxxer.hikari.HikariConfig(HikariConfig.java:1135) - healthCheckProperties................................{}
[2022-11-30 23:04:03] DEBUG com.zaxxer.hikari.HikariConfig(HikariConfig.java:1135) - healthCheckRegistry................................none
[2022-11-30 23:04:03] DEBUG com.zaxxer.hikari.HikariConfig(HikariConfig.java:1135) - idleTimeout................................600000
[2022-11-30 23:04:03] DEBUG com.zaxxer.hikari.HikariConfig(HikariConfig.java:1135) - initializationFailTimeout................................1
[2022-11-30 23:04:03] DEBUG com.zaxxer.hikari.HikariConfig(HikariConfig.java:1135) - isolateInternalQueries................................false
[2022-11-30 23:04:03] DEBUG com.zaxxer.hikari.HikariConfig(HikariConfig.java:1135) - jdbcUrl................................jdbc:mariadb://localhost:3308/hyowon_note?useUnicode=true&characterEncoding=utf8
[2022-11-30 23:04:03] DEBUG com.zaxxer.hikari.HikariConfig(HikariConfig.java:1135) - keepaliveTime................................0
[2022-11-30 23:04:03] DEBUG com.zaxxer.hikari.HikariConfig(HikariConfig.java:1135) - leakDetectionThreshold................................0
[2022-11-30 23:04:03] DEBUG com.zaxxer.hikari.HikariConfig(HikariConfig.java:1135) - maxLifetime................................1800000
[2022-11-30 23:04:03] DEBUG com.zaxxer.hikari.HikariConfig(HikariConfig.java:1135) - maximumPoolSize................................10
[2022-11-30 23:04:03] DEBUG com.zaxxer.hikari.HikariConfig(HikariConfig.java:1135) - metricRegistry................................none
[2022-11-30 23:04:03] DEBUG com.zaxxer.hikari.HikariConfig(HikariConfig.java:1135) - metricsTrackerFactory................................none
[2022-11-30 23:04:03] DEBUG com.zaxxer.hikari.HikariConfig(HikariConfig.java:1135) - minimumIdle................................10
[2022-11-30 23:04:03] DEBUG com.zaxxer.hikari.HikariConfig(HikariConfig.java:1135) - password................................<masked>
[2022-11-30 23:04:03] DEBUG com.zaxxer.hikari.HikariConfig(HikariConfig.java:1135) - poolName................................"HikariPool-1"
[2022-11-30 23:04:03] DEBUG com.zaxxer.hikari.HikariConfig(HikariConfig.java:1135) - readOnly................................false
[2022-11-30 23:04:03] DEBUG com.zaxxer.hikari.HikariConfig(HikariConfig.java:1135) - registerMbeans................................false
[2022-11-30 23:04:03] DEBUG com.zaxxer.hikari.HikariConfig(HikariConfig.java:1135) - scheduledExecutor................................none
[2022-11-30 23:04:03] DEBUG com.zaxxer.hikari.HikariConfig(HikariConfig.java:1135) - schema................................none
[2022-11-30 23:04:03] DEBUG com.zaxxer.hikari.HikariConfig(HikariConfig.java:1135) - threadFactory................................internal
[2022-11-30 23:04:03] DEBUG com.zaxxer.hikari.HikariConfig(HikariConfig.java:1135) - transactionIsolation................................default
[2022-11-30 23:04:03] DEBUG com.zaxxer.hikari.HikariConfig(HikariConfig.java:1135) - username................................"HYOWON_NOTE_ADMIN"
[2022-11-30 23:04:03] DEBUG com.zaxxer.hikari.HikariConfig(HikariConfig.java:1135) - validationTimeout................................5000
[2022-11-30 23:04:03] INFO com.zaxxer.hikari.HikariDataSource(HikariDataSource.java:110) - HikariPool-1 - Starting...
[2022-11-30 23:04:03] DEBUG org.mariadb.jdbc.client.impl.StandardClient(Slf4JLogger.java:60) - execute query: SELECT @@tx_isolation
[2022-11-30 23:04:03] DEBUG com.zaxxer.hikari.pool.HikariPool(HikariPool.java:565) - HikariPool-1 - Added connection org.mariadb.jdbc.Connection@15a484a9
[2022-11-30 23:04:03] INFO com.zaxxer.hikari.HikariDataSource(HikariDataSource.java:123) - HikariPool-1 - Start completed.
[2022-11-30 23:04:03] DEBUG org.hibernate.engine.jdbc.env.internal.JdbcEnvironmentInitiator(JdbcEnvironmentInitiator.java:72) - Database ->
       name : MariaDB
    version : 10.10.2-MariaDB
      major : 10
      minor : 10
[2022-11-30 23:04:03] DEBUG org.hibernate.engine.jdbc.env.internal.JdbcEnvironmentInitiator(JdbcEnvironmentInitiator.java:83) - Driver ->
       name : MariaDB Connector/J
    version : 3.0.8
      major : 3
      minor : 0
[2022-11-30 23:04:03] DEBUG org.hibernate.engine.jdbc.env.internal.JdbcEnvironmentInitiator(DelegatingBasicLogger.java:389) - JDBC version : 4.2
[2022-11-30 23:04:03] INFO org.hibernate.dialect.Dialect(Dialect.java:175) - HHH000400: Using dialect: org.hibernate.dialect.MariaDB106Dialect
[2022-11-30 23:04:03] DEBUG org.mariadb.jdbc.client.impl.StandardClient(Slf4JLogger.java:60) - execute query: select @@lower_case_table_names
[2022-11-30 23:04:03] DEBUG org.hibernate.engine.jdbc.env.spi.IdentifierHelperBuilder(IdentifierHelperBuilder.java:197) - IdentifierCaseStrategy for both quoted and unquoted identifiers was set to the same strategy [LOWER]; that will likely lead to problems in schema update and validation if using quoted identifiers
[2022-11-30 23:04:04] DEBUG com.zaxxer.hikari.pool.HikariPool(HikariPool.java:421) - HikariPool-1 - Pool stats (total=1, active=0, idle=1, waiting=0)
[2022-11-30 23:04:04] DEBUG org.hibernate.type.spi.TypeConfiguration$Scope(TypeConfiguration.java:149) - Scoping TypeConfiguration [org.hibernate.type.spi.TypeConfiguration@4cd8db31] to MetadataBuildingContext [org.hibernate.boot.internal.MetadataBuildingContextRootImpl@201a8ea7]
[2022-11-30 23:04:04] DEBUG com.zaxxer.hikari.pool.HikariPool(HikariPool.java:729) - HikariPool-1 - Added connection org.mariadb.jdbc.Connection@526c8396
[2022-11-30 23:04:04] DEBUG com.zaxxer.hikari.pool.HikariPool(HikariPool.java:729) - HikariPool-1 - Added connection org.mariadb.jdbc.Connection@7a44280
[2022-11-30 23:04:04] DEBUG com.zaxxer.hikari.pool.HikariPool(HikariPool.java:729) - HikariPool-1 - Added connection org.mariadb.jdbc.Connection@7bda1184
[2022-11-30 23:04:04] DEBUG com.zaxxer.hikari.pool.HikariPool(HikariPool.java:729) - HikariPool-1 - Added connection org.mariadb.jdbc.Connection@daf2546
[2022-11-30 23:04:04] DEBUG com.zaxxer.hikari.pool.HikariPool(HikariPool.java:729) - HikariPool-1 - Added connection org.mariadb.jdbc.Connection@67d96322
[2022-11-30 23:04:04] DEBUG com.zaxxer.hikari.pool.HikariPool(HikariPool.java:729) - HikariPool-1 - Added connection org.mariadb.jdbc.Connection@1deee006
[2022-11-30 23:04:04] DEBUG com.zaxxer.hikari.pool.HikariPool(HikariPool.java:729) - HikariPool-1 - Added connection org.mariadb.jdbc.Connection@344d8b9d
[2022-11-30 23:04:04] DEBUG com.zaxxer.hikari.pool.HikariPool(HikariPool.java:729) - HikariPool-1 - Added connection org.mariadb.jdbc.Connection@2571c516
[2022-11-30 23:04:04] DEBUG com.zaxxer.hikari.pool.HikariPool(HikariPool.java:729) - HikariPool-1 - Added connection org.mariadb.jdbc.Connection@1a30e884
[2022-11-30 23:04:04] DEBUG com.zaxxer.hikari.pool.HikariPool(HikariPool.java:421) - HikariPool-1 - After adding stats (total=10, active=0, idle=10, waiting=0)
[2022-11-30 23:04:04] DEBUG org.hibernate.boot.model.relational.Namespace(Namespace.java:51) - Created database namespace [logicalName=Name{catalog=null, schema=null}, physicalName=Name{catalog=null, schema=null}]
[2022-11-30 23:04:04] DEBUG org.hibernate.boot.model.source.internal.annotations.AnnotationMetadataSourceProcessorImpl(AnnotationMetadataSourceProcessorImpl.java:250) - Skipping explicit MappedSuperclass com.note.hyowon.blog.entity.BaseEntity, the class will be discovered analyzing the implementing class
[2022-11-30 23:04:04] DEBUG org.hibernate.cfg.AnnotationBinder(AnnotationBinder.java:547) - Binding entity from annotated class: com.note.hyowon.blog.entity.PostEntity
[2022-11-30 23:04:04] DEBUG org.hibernate.cfg.Ejb3Column(Ejb3Column.java:227) - Binding column: Ejb3DiscriminatorColumn{logicalColumnName'DTYPE', discriminatorTypeName='string'}
[2022-11-30 23:04:04] DEBUG org.hibernate.cfg.annotations.EntityBinder(EntityBinder.java:431) - Import with entity name PostEntity
[2022-11-30 23:04:04] DEBUG org.hibernate.cfg.annotations.EntityBinder(EntityBinder.java:874) - Bind entity com.note.hyowon.blog.entity.PostEntity on table post
[2022-11-30 23:04:04] DEBUG org.hibernate.cfg.Ejb3Column(Ejb3Column.java:227) - Binding column: Ejb3Column{table=org.hibernate.mapping.Table(post), mappingColumn=post_no, insertable=true, updatable=true, unique=false}
[2022-11-30 23:04:04] DEBUG org.hibernate.boot.internal.ClassLoaderAccessImpl(ClassLoaderAccessImpl.java:60) - Not known whether passed class name [com.note.hyowon.blog.entity.PostEntity] is safe
[2022-11-30 23:04:04] DEBUG org.hibernate.boot.internal.ClassLoaderAccessImpl(ClassLoaderAccessImpl.java:62) - No temp ClassLoader provided; using live ClassLoader for loading potentially unsafe class : com.note.hyowon.blog.entity.PostEntity
[2022-11-30 23:04:04] DEBUG org.hibernate.cfg.annotations.PropertyBinder(PropertyBinder.java:175) - MetadataSourceProcessor property postNo with lazy=false
[2022-11-30 23:04:04] DEBUG org.hibernate.cfg.AbstractPropertyHolder(AbstractPropertyHolder.java:94) - Attempting to locate auto-apply AttributeConverter for property [com.note.hyowon.blog.entity.PostEntity:postNo]
[2022-11-30 23:04:04] DEBUG org.hibernate.cfg.annotations.SimpleValueBinder(SimpleValueBinder.java:410) - building SimpleValue for postNo
[2022-11-30 23:04:04] DEBUG org.hibernate.cfg.annotations.PropertyBinder(PropertyBinder.java:266) - Building property postNo
[2022-11-30 23:04:04] DEBUG org.hibernate.cfg.BinderHelper(BinderHelper.java:514) - #makeIdGenerator(org.hibernate.mapping.SimpleValue([org.hibernate.mapping.Column(post_no)]), postNo, identity, , ...)
[2022-11-30 23:04:04] DEBUG org.hibernate.cfg.Ejb3Column(Ejb3Column.java:227) - Binding column: Ejb3Column{table=org.hibernate.mapping.Table(post), mappingColumn=last_chg_datetime, insertable=true, updatable=true, unique=false}
[2022-11-30 23:04:04] DEBUG org.hibernate.cfg.annotations.PropertyBinder(PropertyBinder.java:175) - MetadataSourceProcessor property lastChgDateTime with lazy=false
[2022-11-30 23:04:04] DEBUG org.hibernate.cfg.AbstractPropertyHolder(AbstractPropertyHolder.java:94) - Attempting to locate auto-apply AttributeConverter for property [com.note.hyowon.blog.entity.PostEntity:lastChgDateTime]
[2022-11-30 23:04:04] DEBUG org.hibernate.cfg.annotations.SimpleValueBinder(SimpleValueBinder.java:410) - building SimpleValue for lastChgDateTime
[2022-11-30 23:04:04] DEBUG org.hibernate.cfg.annotations.PropertyBinder(PropertyBinder.java:266) - Building property lastChgDateTime
[2022-11-30 23:04:04] DEBUG org.hibernate.cfg.Ejb3Column(Ejb3Column.java:227) - Binding column: Ejb3Column{table=org.hibernate.mapping.Table(post), mappingColumn=content_as_html, insertable=true, updatable=true, unique=false}
[2022-11-30 23:04:04] DEBUG org.hibernate.cfg.annotations.PropertyBinder(PropertyBinder.java:175) - MetadataSourceProcessor property contentAsHtml with lazy=false
[2022-11-30 23:04:04] DEBUG org.hibernate.cfg.AbstractPropertyHolder(AbstractPropertyHolder.java:94) - Attempting to locate auto-apply AttributeConverter for property [com.note.hyowon.blog.entity.PostEntity:contentAsHtml]
[2022-11-30 23:04:04] DEBUG org.hibernate.cfg.annotations.SimpleValueBinder(SimpleValueBinder.java:410) - building SimpleValue for contentAsHtml
[2022-11-30 23:04:04] DEBUG org.hibernate.cfg.annotations.PropertyBinder(PropertyBinder.java:266) - Building property contentAsHtml
[2022-11-30 23:04:04] DEBUG org.hibernate.cfg.Ejb3Column(Ejb3Column.java:227) - Binding column: Ejb3Column{table=org.hibernate.mapping.Table(post), mappingColumn=content_as_markdown, insertable=true, updatable=true, unique=false}
[2022-11-30 23:04:04] DEBUG org.hibernate.cfg.annotations.PropertyBinder(PropertyBinder.java:175) - MetadataSourceProcessor property contentAsMarkdown with lazy=false
[2022-11-30 23:04:04] DEBUG org.hibernate.cfg.AbstractPropertyHolder(AbstractPropertyHolder.java:94) - Attempting to locate auto-apply AttributeConverter for property [com.note.hyowon.blog.entity.PostEntity:contentAsMarkdown]
[2022-11-30 23:04:04] DEBUG org.hibernate.cfg.annotations.SimpleValueBinder(SimpleValueBinder.java:410) - building SimpleValue for contentAsMarkdown
[2022-11-30 23:04:04] DEBUG org.hibernate.cfg.annotations.PropertyBinder(PropertyBinder.java:266) - Building property contentAsMarkdown
[2022-11-30 23:04:04] DEBUG org.hibernate.cfg.Ejb3Column(Ejb3Column.java:227) - Binding column: Ejb3Column{table=org.hibernate.mapping.Table(post), mappingColumn=reg_date, insertable=true, updatable=true, unique=false}
[2022-11-30 23:04:04] DEBUG org.hibernate.cfg.annotations.PropertyBinder(PropertyBinder.java:175) - MetadataSourceProcessor property regDate with lazy=false
[2022-11-30 23:04:04] DEBUG org.hibernate.cfg.AbstractPropertyHolder(AbstractPropertyHolder.java:94) - Attempting to locate auto-apply AttributeConverter for property [com.note.hyowon.blog.entity.PostEntity:regDate]
[2022-11-30 23:04:04] DEBUG org.hibernate.cfg.annotations.SimpleValueBinder(SimpleValueBinder.java:410) - building SimpleValue for regDate
[2022-11-30 23:04:04] DEBUG org.hibernate.cfg.annotations.PropertyBinder(PropertyBinder.java:266) - Building property regDate
[2022-11-30 23:04:04] DEBUG org.hibernate.cfg.Ejb3Column(Ejb3Column.java:227) - Binding column: Ejb3Column{table=org.hibernate.mapping.Table(post), mappingColumn=title, insertable=true, updatable=true, unique=false}
[2022-11-30 23:04:04] DEBUG org.hibernate.cfg.annotations.PropertyBinder(PropertyBinder.java:175) - MetadataSourceProcessor property title with lazy=false
[2022-11-30 23:04:04] DEBUG org.hibernate.cfg.AbstractPropertyHolder(AbstractPropertyHolder.java:94) - Attempting to locate auto-apply AttributeConverter for property [com.note.hyowon.blog.entity.PostEntity:title]
[2022-11-30 23:04:04] DEBUG org.hibernate.cfg.annotations.SimpleValueBinder(SimpleValueBinder.java:410) - building SimpleValue for title
[2022-11-30 23:04:04] DEBUG org.hibernate.cfg.annotations.PropertyBinder(PropertyBinder.java:266) - Building property title
[2022-11-30 23:04:04] DEBUG org.hibernate.cfg.Ejb3Column(Ejb3Column.java:227) - Binding column: Ejb3Column{table=org.hibernate.mapping.Table(post), mappingColumn=upd_date, insertable=true, updatable=true, unique=false}
[2022-11-30 23:04:04] DEBUG org.hibernate.cfg.annotations.PropertyBinder(PropertyBinder.java:175) - MetadataSourceProcessor property updDate with lazy=false
[2022-11-30 23:04:04] DEBUG org.hibernate.cfg.AbstractPropertyHolder(AbstractPropertyHolder.java:94) - Attempting to locate auto-apply AttributeConverter for property [com.note.hyowon.blog.entity.PostEntity:updDate]
[2022-11-30 23:04:04] DEBUG org.hibernate.cfg.annotations.SimpleValueBinder(SimpleValueBinder.java:410) - building SimpleValue for updDate
[2022-11-30 23:04:04] DEBUG org.hibernate.cfg.annotations.PropertyBinder(PropertyBinder.java:266) - Building property updDate
[2022-11-30 23:04:04] DEBUG org.hibernate.cfg.Ejb3Column(Ejb3Column.java:227) - Binding column: Ejb3Column{table=org.hibernate.mapping.Table(post), mappingColumn=view_count, insertable=true, updatable=true, unique=false}
[2022-11-30 23:04:04] DEBUG org.hibernate.cfg.annotations.PropertyBinder(PropertyBinder.java:175) - MetadataSourceProcessor property viewCount with lazy=false
[2022-11-30 23:04:04] DEBUG org.hibernate.cfg.AbstractPropertyHolder(AbstractPropertyHolder.java:94) - Attempting to locate auto-apply AttributeConverter for property [com.note.hyowon.blog.entity.PostEntity:viewCount]
[2022-11-30 23:04:04] DEBUG org.hibernate.cfg.annotations.SimpleValueBinder(SimpleValueBinder.java:410) - building SimpleValue for viewCount
[2022-11-30 23:04:04] DEBUG org.hibernate.cfg.annotations.PropertyBinder(PropertyBinder.java:266) - Building property viewCount
[2022-11-30 23:04:04] DEBUG org.hibernate.cfg.Ejb3Column(Ejb3Column.java:227) - Binding column: Ejb3Column{table=org.hibernate.mapping.Table(post), mappingColumn=visible_yn, insertable=true, updatable=true, unique=false}
[2022-11-30 23:04:04] DEBUG org.hibernate.cfg.annotations.PropertyBinder(PropertyBinder.java:175) - MetadataSourceProcessor property visibleYn with lazy=false
[2022-11-30 23:04:04] DEBUG org.hibernate.cfg.AbstractPropertyHolder(AbstractPropertyHolder.java:94) - Attempting to locate auto-apply AttributeConverter for property [com.note.hyowon.blog.entity.PostEntity:visibleYn]
[2022-11-30 23:04:04] DEBUG org.hibernate.cfg.annotations.SimpleValueBinder(SimpleValueBinder.java:410) - building SimpleValue for visibleYn
[2022-11-30 23:04:04] DEBUG org.hibernate.cfg.annotations.PropertyBinder(PropertyBinder.java:266) - Building property visibleYn
[2022-11-30 23:04:04] DEBUG org.hibernate.cfg.Ejb3Column(Ejb3Column.java:227) - Binding column: Ejb3Column{table=org.hibernate.mapping.Table(post), mappingColumn=writer, insertable=true, updatable=true, unique=false}
[2022-11-30 23:04:04] DEBUG org.hibernate.cfg.annotations.PropertyBinder(PropertyBinder.java:175) - MetadataSourceProcessor property writer with lazy=false
[2022-11-30 23:04:04] DEBUG org.hibernate.cfg.AbstractPropertyHolder(AbstractPropertyHolder.java:94) - Attempting to locate auto-apply AttributeConverter for property [com.note.hyowon.blog.entity.PostEntity:writer]
[2022-11-30 23:04:04] DEBUG org.hibernate.cfg.annotations.SimpleValueBinder(SimpleValueBinder.java:410) - building SimpleValue for writer
[2022-11-30 23:04:04] DEBUG org.hibernate.cfg.annotations.PropertyBinder(PropertyBinder.java:266) - Building property writer
[2022-11-30 23:04:04] DEBUG org.hibernate.jpa.event.internal.CallbackDefinitionResolverLegacyImpl(CallbackDefinitionResolverLegacyImpl.java:146) - Adding touchForUpdate as PreUpdate callback for entity com.note.hyowon.blog.entity.PostEntity
[2022-11-30 23:04:04] DEBUG org.hibernate.jpa.event.internal.CallbackDefinitionResolverLegacyImpl(CallbackDefinitionResolverLegacyImpl.java:146) - Adding touchForCreate as PrePersist callback for entity com.note.hyowon.blog.entity.PostEntity
[2022-11-30 23:04:04] DEBUG org.hibernate.cfg.annotations.SimpleValueBinder(SimpleValueBinder.java:455) - Starting fillSimpleValue for postNo
[2022-11-30 23:04:04] DEBUG org.hibernate.cfg.annotations.SimpleValueBinder(SimpleValueBinder.java:455) - Starting fillSimpleValue for lastChgDateTime
[2022-11-30 23:04:04] DEBUG org.hibernate.cfg.annotations.SimpleValueBinder(SimpleValueBinder.java:455) - Starting fillSimpleValue for contentAsHtml
[2022-11-30 23:04:04] DEBUG org.hibernate.cfg.annotations.SimpleValueBinder(SimpleValueBinder.java:455) - Starting fillSimpleValue for contentAsMarkdown
[2022-11-30 23:04:04] DEBUG org.hibernate.cfg.annotations.SimpleValueBinder(SimpleValueBinder.java:455) - Starting fillSimpleValue for regDate
[2022-11-30 23:04:04] DEBUG org.hibernate.cfg.annotations.SimpleValueBinder(SimpleValueBinder.java:455) - Starting fillSimpleValue for title
[2022-11-30 23:04:04] DEBUG org.hibernate.cfg.annotations.SimpleValueBinder(SimpleValueBinder.java:455) - Starting fillSimpleValue for updDate
[2022-11-30 23:04:04] DEBUG org.hibernate.cfg.annotations.SimpleValueBinder(SimpleValueBinder.java:455) - Starting fillSimpleValue for viewCount
[2022-11-30 23:04:04] DEBUG org.hibernate.cfg.annotations.SimpleValueBinder(SimpleValueBinder.java:455) - Starting fillSimpleValue for visibleYn
[2022-11-30 23:04:04] DEBUG org.hibernate.cfg.annotations.SimpleValueBinder(SimpleValueBinder.java:455) - Starting fillSimpleValue for writer
[2022-11-30 23:04:04] DEBUG org.hibernate.mapping.PrimaryKey(PrimaryKey.java:36) - Forcing column [post_no] to be non-null as it is part of the primary key for table [post]
[2022-11-30 23:04:04] DEBUG org.hibernate.internal.SessionFactoryImpl(SessionFactoryImpl.java:208) - Building session factory
[2022-11-30 23:04:04] DEBUG org.hibernate.cfg.Settings(Settings.java:68) - SessionFactory name : null
[2022-11-30 23:04:04] DEBUG org.hibernate.cfg.Settings(Settings.java:69) - Automatic flush during beforeCompletion(): enabled
[2022-11-30 23:04:04] DEBUG org.hibernate.cfg.Settings(Settings.java:70) - Automatic session close at end of transaction: disabled
[2022-11-30 23:04:04] DEBUG org.hibernate.cfg.Settings(Settings.java:72) - Statistics: disabled
[2022-11-30 23:04:04] DEBUG org.hibernate.cfg.Settings(Settings.java:74) - Deleted entity synthetic identifier rollback: disabled
[2022-11-30 23:04:04] DEBUG org.hibernate.cfg.Settings(Settings.java:75) - Default entity-mode: pojo
[2022-11-30 23:04:04] DEBUG org.hibernate.cfg.Settings(Settings.java:76) - Check Nullability in Core (should be disabled when Bean Validation is on): enabled
[2022-11-30 23:04:04] DEBUG org.hibernate.cfg.Settings(Settings.java:77) - Allow initialization of lazy state outside session : disabled
[2022-11-30 23:04:04] DEBUG org.hibernate.cfg.Settings(Settings.java:79) - Using BatchFetchStyle : LEGACY
[2022-11-30 23:04:04] DEBUG org.hibernate.cfg.Settings(Settings.java:80) - Default batch fetch size: -1
[2022-11-30 23:04:04] DEBUG org.hibernate.cfg.Settings(Settings.java:81) - Maximum outer join fetch depth: 2
[2022-11-30 23:04:04] DEBUG org.hibernate.cfg.Settings(Settings.java:82) - Default null ordering: NONE
[2022-11-30 23:04:04] DEBUG org.hibernate.cfg.Settings(Settings.java:83) - Order SQL updates by primary key: disabled
[2022-11-30 23:04:04] DEBUG org.hibernate.cfg.Settings(Settings.java:84) - Order SQL inserts for batching: disabled
[2022-11-30 23:04:04] DEBUG org.hibernate.cfg.Settings(Settings.java:86) - multi-tenancy strategy : NONE
[2022-11-30 23:04:04] DEBUG org.hibernate.cfg.Settings(Settings.java:88) - JTA Track by Thread: enabled
[2022-11-30 23:04:04] DEBUG org.hibernate.cfg.Settings(Settings.java:90) - Query language substitutions: {}
[2022-11-30 23:04:04] DEBUG org.hibernate.cfg.Settings(Settings.java:91) - Named query checking : enabled
[2022-11-30 23:04:04] DEBUG org.hibernate.cfg.Settings(Settings.java:93) - Second-level cache: disabled
[2022-11-30 23:04:04] DEBUG org.hibernate.cfg.Settings(Settings.java:94) - Second-level query cache: disabled
[2022-11-30 23:04:04] DEBUG org.hibernate.cfg.Settings(Settings.java:95) - Second-level query cache factory: null
[2022-11-30 23:04:04] DEBUG org.hibernate.cfg.Settings(Settings.java:96) - Second-level cache region prefix: null
[2022-11-30 23:04:04] DEBUG org.hibernate.cfg.Settings(Settings.java:97) - Optimize second-level cache for minimal puts: disabled
[2022-11-30 23:04:04] DEBUG org.hibernate.cfg.Settings(Settings.java:98) - Structured second-level cache entries: disabled
[2022-11-30 23:04:04] DEBUG org.hibernate.cfg.Settings(Settings.java:99) - Second-level cache direct-reference entries: disabled
[2022-11-30 23:04:04] DEBUG org.hibernate.cfg.Settings(Settings.java:100) - Automatic eviction of collection cache: disabled
[2022-11-30 23:04:04] DEBUG org.hibernate.cfg.Settings(Settings.java:102) - JDBC batch size: 15
[2022-11-30 23:04:04] DEBUG org.hibernate.cfg.Settings(Settings.java:103) - JDBC batch updates for versioned data: enabled
[2022-11-30 23:04:04] DEBUG org.hibernate.cfg.Settings(Settings.java:104) - Scrollable result sets: enabled
[2022-11-30 23:04:04] DEBUG org.hibernate.cfg.Settings(Settings.java:105) - Wrap result sets: disabled
[2022-11-30 23:04:04] DEBUG org.hibernate.cfg.Settings(Settings.java:106) - JDBC3 getGeneratedKeys(): enabled
[2022-11-30 23:04:04] DEBUG org.hibernate.cfg.Settings(Settings.java:107) - JDBC result set fetch size: null
[2022-11-30 23:04:04] DEBUG org.hibernate.cfg.Settings(Settings.java:108) - Connection release mode: ON_CLOSE
[2022-11-30 23:04:04] DEBUG org.hibernate.cfg.Settings(Settings.java:109) - Generate SQL with comments: disabled
[2022-11-30 23:04:04] DEBUG org.hibernate.cfg.Settings(Settings.java:111) - JPA compliance - query : disabled
[2022-11-30 23:04:04] DEBUG org.hibernate.cfg.Settings(Settings.java:112) - JPA compliance - closed-handling : disabled
[2022-11-30 23:04:04] DEBUG org.hibernate.cfg.Settings(Settings.java:113) - JPA compliance - lists : disabled
[2022-11-30 23:04:04] DEBUG org.hibernate.cfg.Settings(Settings.java:114) - JPA compliance - transactions : disabled
[2022-11-30 23:04:04] DEBUG org.hibernate.service.internal.SessionFactoryServiceRegistryImpl(SessionFactoryServiceRegistryImpl.java:92) - EventListenerRegistry access via ServiceRegistry is deprecated.  Use `sessionFactory.getEventEngine().getListenerRegistry()` instead
[2022-11-30 23:04:04] DEBUG org.hibernate.service.internal.SessionFactoryServiceRegistryImpl(SessionFactoryServiceRegistryImpl.java:92) - EventListenerRegistry access via ServiceRegistry is deprecated.  Use `sessionFactory.getEventEngine().getListenerRegistry()` instead
[2022-11-30 23:04:04] DEBUG org.hibernate.internal.SessionFactoryImpl(SessionFactoryImpl.java:276) - Session factory constructed with filter configurations : {}
[2022-11-30 23:04:04] DEBUG org.hibernate.internal.SessionFactoryImpl(SessionFactoryImpl.java:277) - Instantiating session factory with properties: {sun.desktop=windows, awt.toolkit=sun.awt.windows.WToolkit, hibernate.format_sql=true, hibernate.id.new_generator_mappings=true, java.specification.version=11, sun.cpu.isalist=amd64, hibernate.resource.beans.container=org.springframework.orm.hibernate5.SpringBeanContainer@3c4c7e51, hibernate.connection.handling_mode=DELAYED_ACQUISITION_AND_HOLD, sun.jnu.encoding=MS949, org.gradle.test.worker=4, hibernate.implicit_naming_strategy=org.springframework.boot.orm.jpa.hibernate.SpringImplicitNamingStrategy, java.class.path=C:\\Users\\skgyd\\.gradle\\caches\\7.5.1\\workerMain\\gradle-worker.jar;C:\\z_workspace\\hyowon_note\\build\\classes\\java\\test;C:\\z_workspace\\hyowon_note\\build\\classes\\java\\main;C:\\z_workspace\\hyowon_note\\build\\resources\\main;C:\\Users\\skgyd\\.gradle\\caches\\modules-2\\files-2.1\\org.springframework.boot\\spring-boot-starter-data-jpa\\2.7.5\\b83184467079d5b808fb2f9fbc858b1804975808\\spring-boot-starter-data-jpa-2.7.5.jar;C:\\Users\\skgyd\\.gradle\\caches\\modules-2\\files-2.1\\org.springframework.boot\\spring-boot-starter-thymeleaf\\2.7.5\\d2be8d1d822d988924e0a23c81d795ae5aa288f3\\spring-boot-starter-thymeleaf-2.7.5.jar;C:\\Users\\skgyd\\.gradle\\caches\\modules-2\\files-2.1\\org.springframework.boot\\spring-boot-starter-web\\2.7.5\\bb4099d0466a62c3b11ab9323babca13bb430a2e\\spring-boot-starter-web-2.7.5.jar;C:\\Users\\skgyd\\.gradle\\caches\\modules-2\\files-2.1\\nz.net.ultraq.thymeleaf\\thymeleaf-layout-dialect\\3.1.0\\a3f0e5a1c458b104c0e90efb1cb513e3eaf99d71\\thymeleaf-layout-dialect-3.1.0.jar;C:\\Users\\skgyd\\.gradle\\caches\\modules-2\\files-2.1\\com.querydsl\\querydsl-jpa\\5.0.0\\2d66608cb2cbcde56290e49f2918960cc17fcb09\\querydsl-jpa-5.0.0.jar;C:\\Users\\skgyd\\.gradle\\caches\\modules-2\\files-2.1\\org.modelmapper\\modelmapper\\3.1.0\\a3727e6b449dfc9d9052d48185d1eeb029faaf12\\modelmapper-3.1.0.jar;C:\\Users\\skgyd\\.gradle\\caches\\modules-2\\files-2.1\\org.springframework.boot\\spring-boot-starter-validation\\2.7.5\
[...]
-------------- testSelectOne ------------------
ContentAsMarkdown : # 1. 제목입니다.
## 2. TITLE is TITLE
### 3. TITLE is TITLE
ContentAsHtml     : <h1>1. 제목입니다.</h1>
<h2>2. TITLE is TITLE</h2>
<h3>3. TITLE is TITLE</h3>
PostNo            : 1
Title             : title is 1
-----------------------------------------------
[2022-11-30 23:04:09] DEBUG org.springframework.test.context.cache.DefaultCacheAwareContextLoaderDelegate(DefaultCacheAwareContextLoaderDelegate.java:103) - Retrieved ApplicationContext [1323235180] from cache with key [[WebMergedContextConfiguration@31887330 testClass = PostServiceTests, locations = '{}', classes = '{class com.note.hyowon.blog.BlogApplication}', contextInitializerClasses = '[]', activeProfiles = '{}', propertySourceLocations = '{}', propertySourceProperties = '{org.springframework.boot.test.context.SpringBootTestContextBootstrapper=true}', contextCustomizers = set[org.springframework.boot.test.autoconfigure.actuate.metrics.MetricsExportContextCustomizerFactory$DisableMetricExportContextCustomizer@654b72c0, org.springframework.boot.test.autoconfigure.properties.PropertyMappingContextCustomizer@0, org.springframework.boot.test.autoconfigure.web.servlet.WebDriverContextCustomizerFactory$Customizer@1da6ee17, org.springframework.boot.test.context.filter.ExcludeFilterContextCustomizer@15f193b8, org.springframework.boot.test.json.DuplicateJsonObjectContextCustomizerFactory$DuplicateJsonObjectContextCustomizer@606fc505, org.springframework.boot.test.mock.mockito.MockitoContextCustomizer@0, org.springframework.boot.test.web.client.TestRestTemplateContextCustomizer@1654a892, org.springframework.boot.test.context.SpringBootTestArgs@1, org.springframework.boot.test.context.SpringBootTestWebEnvironment@cd1e646], resourceBasePath = 'src/main/webapp', contextLoader = 'org.springframework.boot.test.context.SpringBootContextLoader', parent = [null]]]
[2022-11-30 23:04:09] DEBUG org.springframework.test.context.cache(DefaultContextCache.java:290) - Spring test ApplicationContext cache statistics: [DefaultContextCache@65528bcf size = 1, maxSize = 32, parentContextCount = 0, hitCount = 6, missCount = 1]
[2022-11-30 23:04:09] DEBUG org.springframework.test.context.cache.DefaultCacheAwareContextLoaderDelegate(DefaultCacheAwareContextLoaderDelegate.java:103) - Retrieved ApplicationContext [1323235180] from cache with key [[WebMergedContextConfiguration@31887330 testClass = PostServiceTests, locations = '{}', classes = '{class com.note.hyowon.blog.BlogApplication}', contextInitializerClasses = '[]', activeProfiles = '{}', propertySourceLocations = '{}', propertySourceProperties = '{org.springframework.boot.test.context.SpringBootTestContextBootstrapper=true}', contextCustomizers = set[org.springframework.boot.test.autoconfigure.actuate.metrics.MetricsExportContextCustomizerFactory$DisableMetricExportContextCustomizer@654b72c0, org.springframework.boot.test.autoconfigure.properties.PropertyMappingContextCustomizer@0, org.springframework.boot.test.autoconfigure.web.servlet.WebDriverContextCustomizerFactory$Customizer@1da6ee17, org.springframework.boot.test.context.filter.ExcludeFilterContextCustomizer@15f193b8, org.springframework.boot.test.json.DuplicateJsonObjectContextCustomizerFactory$DuplicateJsonObjectContextCustomizer@606fc505, org.springframework.boot.test.mock.mockito.MockitoContextCustomizer@0, org.springframework.boot.test.web.client.TestRestTemplateContextCustomizer@1654a892, org.springframework.boot.test.context.SpringBootTestArgs@1, org.springframework.boot.test.context.SpringBootTestWebEnvironment@cd1e646], resourceBasePath = 'src/main/webapp', contextLoader = 'org.springframework.boot.test.context.SpringBootContextLoader', parent = [null]]]
[2022-11-30 23:04:09] DEBUG org.springframework.test.context.cache(DefaultContextCache.java:290) - Spring test ApplicationContext cache statistics: [DefaultContextCache@65528bcf size = 1, maxSize = 32, parentContextCount = 0, hitCount = 7, missCount = 1]
[2022-11-30 23:04:09] DEBUG org.springframework.test.context.cache.DefaultCacheAwareContextLoaderDelegate(DefaultCacheAwareContextLoaderDelegate.java:103) - Retrieved ApplicationContext [1323235180] from cache with key [[WebMergedContextConfiguration@31887330 testClass = PostServiceTests, locations = '{}', classes = '{class com.note.hyowon.blog.BlogApplication}', contextInitializerClasses = '[]', activeProfiles = '{}', propertySourceLocations = '{}', propertySourceProperties = '{org.springframework.boot.test.context.SpringBootTestContextBootstrapper=true}', contextCustomizers = set[org.springframework.boot.test.autoconfigure.actuate.metrics.MetricsExportContextCustomizerFactory$DisableMetricExportContextCustomizer@654b72c0, org.springframework.boot.test.autoconfigure.properties.PropertyMappingContextCustomizer@0, org.springframework.boot.test.autoconfigure.web.servlet.WebDriverContextCustomizerFactory$Customizer@1da6ee17, org.springframework.boot.test.context.filter.ExcludeFilterContextCustomizer@15f193b8, org.springframework.boot.test.json.DuplicateJsonObjectContextCustomizerFactory$DuplicateJsonObjectContextCustomizer@606fc505, org.springframework.boot.test.mock.mockito.MockitoContextCustomizer@0, org.springframework.boot.test.web.client.TestRestTemplateContextCustomizer@1654a892, org.springframework.boot.test.context.SpringBootTestArgs@1, org.springframework.boot.test.context.SpringBootTestWebEnvironment@cd1e646], resourceBasePath = 'src/main/webapp', contextLoader = 'org.springframework.boot.test.context.SpringBootContextLoader', parent = [null]]]
[2022-11-30 23:04:09] DEBUG org.springframework.test.context.cache(DefaultContextCache.java:290) - Spring test ApplicationContext cache statistics: [DefaultContextCache@65528bcf size = 1, maxSize = 32, parentContextCount = 0, hitCount = 8, missCount = 1]
[2022-11-30 23:04:09] DEBUG org.springframework.test.context.cache.DefaultCacheAwareContextLoaderDelegate(DefaultCacheAwareContextLoaderDelegate.java:103) - Retrieved ApplicationContext [1323235180] from cache with key [[WebMergedContextConfiguration@31887330 testClass = PostServiceTests, locations = '{}', classes = '{class com.note.hyowon.blog.BlogApplication}', contextInitializerClasses = '[]', activeProfiles = '{}', propertySourceLocations = '{}', propertySourceProperties = '{org.springframework.boot.test.context.SpringBootTestContextBootstrapper=true}', contextCustomizers = set[org.springframework.boot.test.autoconfigure.actuate.metrics.MetricsExportContextCustomizerFactory$DisableMetricExportContextCustomizer@654b72c0, org.springframework.boot.test.autoconfigure.properties.PropertyMappingContextCustomizer@0, org.springframework.boot.test.autoconfigure.web.servlet.WebDriverContextCustomizerFactory$Customizer@1da6ee17, org.springframework.boot.test.context.filter.ExcludeFilterContextCustomizer@15f193b8, org.springframework.boot.test.json.DuplicateJsonObjectContextCustomizerFactory$DuplicateJsonObjectContextCustomizer@606fc505, org.springframework.boot.test.mock.mockito.MockitoContextCustomizer@0, org.springframework.boot.test.web.client.TestRestTemplateContextCustomizer@1654a892, org.springframework.boot.test.context.SpringBootTestArgs@1, org.springframework.boot.test.context.SpringBootTestWebEnvironment@cd1e646], resourceBasePath = 'src/main/webapp', contextLoader = 'org.springframework.boot.test.context.SpringBootContextLoader', parent = [null]]]
[2022-11-30 23:04:09] DEBUG org.springframework.test.context.cache(DefaultContextCache.java:290) - Spring test ApplicationContext cache statistics: [DefaultContextCache@65528bcf size = 1, maxSize = 32, parentContextCount = 0, hitCount = 9, missCount = 1]
[2022-11-30 23:04:09] DEBUG org.springframework.test.context.cache.DefaultCacheAwareContextLoaderDelegate(DefaultCacheAwareContextLoaderDelegate.java:103) - Retrieved ApplicationContext [1323235180] from cache with key [[WebMergedContextConfiguration@31887330 testClass = PostServiceTests, locations = '{}', classes = '{class com.note.hyowon.blog.BlogApplication}', contextInitializerClasses = '[]', activeProfiles = '{}', propertySourceLocations = '{}', propertySourceProperties = '{org.springframework.boot.test.context.SpringBootTestContextBootstrapper=true}', contextCustomizers = set[org.springframework.boot.test.autoconfigure.actuate.metrics.MetricsExportContextCustomizerFactory$DisableMetricExportContextCustomizer@654b72c0, org.springframework.boot.test.autoconfigure.properties.PropertyMappingContextCustomizer@0, org.springframework.boot.test.autoconfigure.web.servlet.WebDriverContextCustomizerFactory$Customizer@1da6ee17, org.springframework.boot.test.context.filter.ExcludeFilterContextCustomizer@15f193b8, org.springframework.boot.test.json.DuplicateJsonObjectContextCustomizerFactory$DuplicateJsonObjectContextCustomizer@606fc505, org.springframework.boot.test.mock.mockito.MockitoContextCustomizer@0, org.springframework.boot.test.web.client.TestRestTemplateContextCustomizer@1654a892, org.springframework.boot.test.context.SpringBootTestArgs@1, org.springframework.boot.test.context.SpringBootTestWebEnvironment@cd1e646], resourceBasePath = 'src/main/webapp', contextLoader = 'org.springframework.boot.test.context.SpringBootContextLoader', parent = [null]]]
[2022-11-30 23:04:09] DEBUG org.springframework.test.context.cache(DefaultContextCache.java:290) - Spring test ApplicationContext cache statistics: [DefaultContextCache@65528bcf size = 1, maxSize = 32, parentContextCount = 0, hitCount = 10, missCount = 1]
[2022-11-30 23:04:09] DEBUG org.springframework.test.context.cache.DefaultCacheAwareContextLoaderDelegate(DefaultCacheAwareContextLoaderDelegate.java:103) - Retrieved ApplicationContext [1323235180] from cache with key [[WebMergedContextConfiguration@31887330 testClass = PostServiceTests, locations = '{}', classes = '{class com.note.hyowon.blog.BlogApplication}', contextInitializerClasses = '[]', activeProfiles = '{}', propertySourceLocations = '{}', propertySourceProperties = '{org.springframework.boot.test.context.SpringBootTestContextBootstrapper=true}', contextCustomizers = set[org.springframework.boot.test.autoconfigure.actuate.metrics.MetricsExportContextCustomizerFactory$DisableMetricExportContextCustomizer@654b72c0, org.springframework.boot.test.autoconfigure.properties.PropertyMappingContextCustomizer@0, org.springframework.boot.test.autoconfigure.web.servlet.WebDriverContextCustomizerFactory$Customizer@1da6ee17, org.springframework.boot.test.context.filter.ExcludeFilterContextCustomizer@15f193b8, org.springframework.boot.test.json.DuplicateJsonObjectContextCustomizerFactory$DuplicateJsonObjectContextCustomizer@606fc505, org.springframework.boot.test.mock.mockito.MockitoContextCustomizer@0, org.springframework.boot.test.web.client.TestRestTemplateContextCustomizer@1654a892, org.springframework.boot.test.context.SpringBootTestArgs@1, org.springframework.boot.test.context.SpringBootTestWebEnvironment@cd1e646], resourceBasePath = 'src/main/webapp', contextLoader = 'org.springframework.boot.test.context.SpringBootContextLoader', parent = [null]]]
[2022-11-30 23:04:09] DEBUG org.springframework.test.context.cache(DefaultContextCache.java:290) - Spring test ApplicationContext cache statistics: [DefaultContextCache@65528bcf size = 1, maxSize = 32, parentContextCount = 0, hitCount = 11, missCount = 1]
[2022-11-30 23:04:09] DEBUG org.springframework.test.context.support.AbstractDirtiesContextTestExecutionListener(AbstractDirtiesContextTestExecutionListener.java:108) - After test method: context [DefaultTestContext@7c045627 testClass = PostServiceTests, testInstance = com.note.hyowon.blog.service.PostServiceTests@d79a69b, testMethod = testSelectOne@PostServiceTests, testException = [null], mergedContextConfiguration = [WebMergedContextConfiguration@31887330 testClass = PostServiceTests, locations = '{}', classes = '{class com.note.hyowon.blog.BlogApplication}', contextInitializerClasses = '[]', activeProfiles = '{}', propertySourceLocations = '{}', propertySourceProperties = '{org.springframework.boot.test.context.SpringBootTestContextBootstrapper=true}', contextCustomizers = set[org.springframework.boot.test.autoconfigure.actuate.metrics.MetricsExportContextCustomizerFactory$DisableMetricExportContextCustomizer@654b72c0, org.springframework.boot.test.autoconfigure.properties.PropertyMappingContextCustomizer@0, org.springframework.boot.test.autoconfigure.web.servlet.WebDriverContextCustomizerFactory$Customizer@1da6ee17, org.springframework.boot.test.context.filter.ExcludeFilterContextCustomizer@15f193b8, org.springframework.boot.test.json.DuplicateJsonObjectContextCustomizerFactory$DuplicateJsonObjectContextCustomizer@606fc505, org.springframework.boot.test.mock.mockito.MockitoContextCustomizer@0, org.springframework.boot.test.web.client.TestRestTemplateContextCustomizer@1654a892, org.springframework.boot.test.context.SpringBootTestArgs@1, org.springframework.boot.test.context.SpringBootTestWebEnvironment@cd1e646], resourceBasePath = 'src/main/webapp', contextLoader = 'org.springframework.boot.test.context.SpringBootContextLoader', parent = [null]], attributes = map['org.springframework.test.context.web.ServletTestExecutionListener.activateListener' -> true, 'org.springframework.test.context.web.ServletTestExecutionListener.populatedRequestContextHolder' -> true, 'org.springframework.test.context.web.ServletTestExecutionListener.resetRequestContextHolder' -> true, 'org.springframework.test.context.event.ApplicationEventsTestExecutionListener.recordApplicationEvents' -> false]], class annotated with @DirtiesContext [false] with mode [null], method annotated with @DirtiesContext [false] with mode [null].
[2022-11-30 23:04:09] DEBUG org.springframework.test.context.web.ServletTestExecutionListener(ServletTestExecutionListener.java:166) - Resetting RequestContextHolder for test context [DefaultTestContext@7c045627 testClass = PostServiceTests, testInstance = com.note.hyowon.blog.service.PostServiceTests@d79a69b, testMethod = testSelectOne@PostServiceTests, testException = [null], mergedContextConfiguration = [WebMergedContextConfiguration@31887330 testClass = PostServiceTests, locations = '{}', classes = '{class com.note.hyowon.blog.BlogApplication}', contextInitializerClasses = '[]', activeProfiles = '{}', propertySourceLocations = '{}', propertySourceProperties = '{org.springframework.boot.test.context.SpringBootTestContextBootstrapper=true}', contextCustomizers = set[org.springframework.boot.test.autoconfigure.actuate.metrics.MetricsExportContextCustomizerFactory$DisableMetricExportContextCustomizer@654b72c0, org.springframework.boot.test.autoconfigure.properties.PropertyMappingContextCustomizer@0, org.springframework.boot.test.autoconfigure.web.servlet.WebDriverContextCustomizerFactory$Customizer@1da6ee17, org.springframework.boot.test.context.filter.ExcludeFilterContextCustomizer@15f193b8, org.springframework.boot.test.json.DuplicateJsonObjectContextCustomizerFactory$DuplicateJsonObjectContextCustomizer@606fc505, org.springframework.boot.test.mock.mockito.MockitoContextCustomizer@0, org.springframework.boot.test.web.client.TestRestTemplateContextCustomizer@1654a892, org.springframework.boot.test.context.SpringBootTestArgs@1, org.springframework.boot.test.context.SpringBootTestWebEnvironment@cd1e646], resourceBasePath = 'src/main/webapp', contextLoader = 'org.springframework.boot.test.context.SpringBootContextLoader', parent = [null]], attributes = map['org.springframework.test.context.web.ServletTestExecutionListener.activateListener' -> true, 'org.springframework.test.context.web.ServletTestExecutionListener.populatedRequestContextHolder' -> true, 'org.springframework.test.context.web.ServletTestExecutionListener.resetRequestContextHolder' -> true, 'org.springframework.test.context.event.ApplicationEventsTestExecutionListener.recordApplicationEvents' -> false]].
[2022-11-30 23:04:09] DEBUG org.springframework.test.context.cache.DefaultCacheAwareContextLoaderDelegate(DefaultCacheAwareContextLoaderDelegate.java:103) - Retrieved ApplicationContext [1323235180] from cache with key [[WebMergedContextConfiguration@31887330 testClass = PostServiceTests, locations = '{}', classes = '{class com.note.hyowon.blog.BlogApplication}', contextInitializerClasses = '[]', activeProfiles = '{}', propertySourceLocations = '{}', propertySourceProperties = '{org.springframework.boot.test.context.SpringBootTestContextBootstrapper=true}', contextCustomizers = set[org.springframework.boot.test.autoconfigure.actuate.metrics.MetricsExportContextCustomizerFactory$DisableMetricExportContextCustomizer@654b72c0, org.springframework.boot.test.autoconfigure.properties.PropertyMappingContextCustomizer@0, org.springframework.boot.test.autoconfigure.web.servlet.WebDriverContextCustomizerFactory$Customizer@1da6ee17, org.springframework.boot.test.context.filter.ExcludeFilterContextCustomizer@15f193b8, org.springframework.boot.test.json.DuplicateJsonObjectContextCustomizerFactory$DuplicateJsonObjectContextCustomizer@606fc505, org.springframework.boot.test.mock.mockito.MockitoContextCustomizer@0, org.springframework.boot.test.web.client.TestRestTemplateContextCustomizer@1654a892, org.springframework.boot.test.context.SpringBootTestArgs@1, org.springframework.boot.test.context.SpringBootTestWebEnvironment@cd1e646], resourceBasePath = 'src/main/webapp', contextLoader = 'org.springframework.boot.test.context.SpringBootContextLoader', parent = [null]]]
[2022-11-30 23:04:09] DEBUG org.springframework.test.context.cache(DefaultContextCache.java:290) - Spring test ApplicationContext cache statistics: [DefaultContextCache@65528bcf size = 1, maxSize = 32, parentContextCount = 0, hitCount = 12, missCount = 1]
[2022-11-30 23:04:09] DEBUG org.springframework.test.context.support.AbstractDirtiesContextTestExecutionListener(AbstractDirtiesContextTestExecutionListener.java:143) - After test class: context [DefaultTestContext@7c045627 testClass = PostServiceTests, testInstance = [null], testMethod = [null], testException = [null], mergedContextConfiguration = [WebMergedContextConfiguration@31887330 testClass = PostServiceTests, locations = '{}', classes = '{class com.note.hyowon.blog.BlogApplication}', contextInitializerClasses = '[]', activeProfiles = '{}', propertySourceLocations = '{}', propertySourceProperties = '{org.springframework.boot.test.context.SpringBootTestContextBootstrapper=true}', contextCustomizers = set[org.springframework.boot.test.autoconfigure.actuate.metrics.MetricsExportContextCustomizerFactory$DisableMetricExportContextCustomizer@654b72c0, org.springframework.boot.test.autoconfigure.properties.PropertyMappingContextCustomizer@0, org.springframework.boot.test.autoconfigure.web.servlet.WebDriverContextCustomizerFactory$Customizer@1da6ee17, org.springframework.boot.test.context.filter.ExcludeFilterContextCustomizer@15f193b8, org.springframework.boot.test.json.DuplicateJsonObjectContextCustomizerFactory$DuplicateJsonObjectContextCustomizer@606fc505, org.springframework.boot.test.mock.mockito.MockitoContextCustomizer@0, org.springframework.boot.test.web.client.TestRestTemplateContextCustomizer@1654a892, org.springframework.boot.test.context.SpringBootTestArgs@1, org.springframework.boot.test.context.SpringBootTestWebEnvironment@cd1e646], resourceBasePath = 'src/main/webapp', contextLoader = 'org.springframework.boot.test.context.SpringBootContextLoader', parent = [null]], attributes = map['org.springframework.test.context.web.ServletTestExecutionListener.activateListener' -> true, 'org.springframework.test.context.event.ApplicationEventsTestExecutionListener.recordApplicationEvents' -> false, 'org.springframework.test.context.support.DependencyInjectionTestExecutionListener.reinjectDependencies' -> true]], class annotated with @DirtiesContext [false] with mode [null].
]]></system-out>
  <system-err><![CDATA[]]></system-err>
</testsuite>
